xdscc12 KD 2017-01-12. Academic use only; no redistribution. -h option shows options.
Please cite Assmann, G., Brehm, W., Diederichs, K. (2016) J.Appl.Cryst. 49, 1021-1028
 option -w found: weighting switched off
 delta-CC1/2 values are Fisher-transformed
 
reflection file is insulin_XDS_ASCII.HKL
!OSCILLATION_RANGE=  1.000000
!SPACE_GROUP_NUMBER=  197
!UNIT_CELL_CONSTANTS=    78.080    78.080    78.080  90.000  90.000  90.000
 # of frames=         180
 # obs (w/o misfits), unique, misfits =      218239       11643        5183
 max and min resolution of data in file =   39.04000       1.549865    
 data between   39.04000      and   1.549865     A will be used
 10 resolution shells (for lines starting with b,c,e,f,s):
  4.867  3.455  2.824  2.448  2.190  2.000  1.852  1.732  1.634  1.550
 
 overall CC1/2:    99.979 nref=   11617 (but the overall CC1/2 is meaningless!)
 <CC1/2>:    99.304 (average of CC1/2 in resolution shells)
 CC1/2 in resolution shells:
 100.0 100.0 100.0 100.0 100.0 100.0  99.9  99.9  99.7  95.6
 CC* in resolution shells:
 100.0 100.0 100.0 100.0 100.0 100.0 100.0 100.0  99.9  98.9
 unique reflections in resolution shells:
    401    705    878   1045   1174   1285   1391   1508   1594   1636
 
 headings for lines starting with a,b,c:
a:  <CC1/2> of each frame:
a:   reflections of this frame only       reflections of all frames
a: frm   nref    with without   delta     nref    with without   delta
b: delta-CC1/2 in resolution shells
c: # reflections for delta-CC1/2
a      1    750  99.716  99.654   9.812    11616  99.305  99.301   0.245
b   2.57   1.17   0.18   2.14   2.37  -0.44   2.44   3.41   4.83  12.46
c     19     46     69     82     83     89     98    102    108     54
a      2   1048  99.717  99.655   9.903    11615  99.305  99.298   0.450
b   2.90   5.53   2.21   1.19   4.10   1.71   3.26   2.90   4.44  12.48
c     39     71     96    100    124    122    128    139    154     75
a      3   1067  99.798  99.737  13.177    11616  99.308  99.298   0.686
b   3.23   3.18   0.82   2.83   3.45   2.74   2.02   3.10   3.33  17.83
c     40     72     77    110    118    142    140    150    141     77
a      4   1143  99.718  99.641  12.142    11617  99.304  99.295   0.639
b   0.60   1.50   1.73   2.69   6.37   2.82   2.58   2.87   3.66  15.65
c     44     88     98    122    120    139    142    149    159     82
a      5   1139  99.737  99.635  16.248    11617  99.304  99.292   0.826
b   3.99   3.02   0.48   1.14   0.81   2.67   3.30   3.70   4.66  21.72
c     46     66    105    119    124    142    140    160    151     86
a      6   1139  99.607  99.475  14.461    11616  99.307  99.292   1.115
b  -5.93   2.37   1.58   1.76   2.45   3.11   2.63   3.82   3.75  17.10
c     42     81    103    117    141    133    135    148    152     87
a      7   1133  99.625  99.557   8.295    11616  99.306  99.301   0.336
b   3.40   2.69   2.74   4.21   3.60   4.62   3.90   3.54   3.86   9.76
c     34     76     89    111    123    146    149    158    163     84
a      8   1110  99.518  99.443   7.206    11616  99.303  99.299   0.306
b   0.20   0.66   2.53   2.90   3.30   4.05   3.79   3.48   3.49   8.14
c     44     81     96    104    124    129    139    145    159     89
a      9   1168  99.769  99.730   7.745    11616  99.304  99.300   0.295
b  11.49  -0.63   2.97   2.91   2.81   3.32   3.36   3.46   3.76  10.30
c     41     76     99    128    143    145    142    153    166     75
a     10   1154  99.777  99.735   8.678    11617  99.304  99.299   0.328
b   0.11  -1.01   2.27   2.83   2.60   2.07   2.89   4.08   4.06  11.65
c     34     88    105    117    124    142    151    151    160     82
a     11   1139  99.706  99.607  14.395    11616  99.304  99.295   0.683
b   2.30   1.83   2.85   2.65   3.02   3.95   3.72   4.01   4.03  17.97
c     42     83     94    111    122    132    139    161    157     98
a     12   1229  99.711  99.657   8.469    11617  99.304  99.300   0.280
b   4.04   3.18   5.13   3.25   2.74   4.05   3.55   2.95   4.95  10.20
c     50     80    112    135    140    144    164    157    155     92
a     13   1141  99.687  99.619   9.796    11616  99.304  99.299   0.393
b   1.78   1.24  -2.74   2.81   2.29   6.32   2.34   3.64   4.03  12.22
c     39     82    108    110    128    147    137    149    159     82
a     14   1143  99.752  99.718   6.343    11617  99.304  99.301   0.220
b   1.76   2.36  -0.66   2.80   3.60   4.08   3.27   3.23   4.82   7.54
c     42     82     97    111    128    123    164    155    156     85
a     15   1156  99.717  99.649  10.651    11617  99.304  99.299   0.385
b   1.25   2.40   3.28   2.82   3.02   3.67   4.53   4.02   4.14  12.71
c     45     69    104    126    146    154    128    149    146     89
a     16   1142  99.813  99.791   5.678    11616  99.304  99.301   0.184
b   2.57   1.86   0.55   1.45   1.68   1.43   3.47   3.71   6.60   6.56
c     38     74    100    127    122    128    163    158    157     75
a     17   1107  99.754  99.701   9.697    11617  99.304  99.299   0.376
b   3.04   3.80   3.65   1.92   2.73   3.32   3.56   3.97   4.23  12.20
c     34     79     97    105    133    132    129    152    160     86
a     18   1183  99.831  99.799   8.710    11617  99.304  99.299   0.378
b   1.21   1.36   3.82  13.46   3.69   3.87   3.45   3.70   4.70  11.66
c     44     76     90    133    132    137    159    163    164     85
a     19   1158  99.744  99.712   5.863    11617  99.304  99.301   0.221
b   4.71   3.22   3.73   1.49   2.89   2.62   4.08   4.51   4.50   6.84
c     46     83    101    120    124    135    131    158    155    105
a     20   1147  99.653  99.579   9.650    11617  99.304  99.300   0.299
b   2.65   2.85   2.40   2.96   1.98   3.91   2.88   3.71   4.12  11.71
c     33     77    104    106    137    155    158    153    146     78
a     21   1173  99.732  99.706   4.633    11617  99.304  99.302   0.166
b   3.62   2.99   2.69   3.62   3.77   3.57   3.44   3.93   4.07   5.06
c     48     79    108    129    121    137    149    161    157     84
a     22   1112  99.769  99.738   6.175    11617  99.304  99.301   0.184
b   0.49   3.10   3.15   3.81   3.91   2.89   2.78   4.74   4.02   7.46
c     41     73     99    114    128    136    151    140    152     78
a     23   1189  99.823  99.805   4.813    11617  99.304  99.302   0.163
b   1.65   4.25   1.35   3.85   1.31   2.69   3.43   3.85   4.38   5.96
c     39     81    111    111    128    142    165    158    170     84
a     24   1136  99.787  99.751   7.662    11617  99.304  99.300   0.270
b   3.76   2.89   3.35   3.30   1.89   3.36   4.13   3.22   3.75  10.78
c     40     84    104    122    127    132    140    155    153     79
a     25   1155  99.795  99.759   7.969    11617  99.304  99.300   0.253
b   6.85   1.48   3.32   1.75   2.00   3.56   3.97   3.98   3.22  10.72
c     38     72     95    111    125    151    159    166    153     85
a     26   1170  99.805  99.794   2.580    11617  99.304  99.302   0.099
b   3.63   0.48   3.64   2.29   1.93   3.41   3.51   2.93   3.96   2.19
c     47     81    105    126    137    133    148    160    152     81
a     27   1146  99.668  99.612   7.777    11617  99.304  99.300   0.261
b   4.37   2.74   2.48   4.65  12.57   3.33   3.24   3.70   4.21   8.60
c     37     72    100    118    122    139    155    151    156     96
a     28   1191  99.797  99.772   5.860    11617  99.304  99.301   0.233
b   3.11   3.12   2.97   0.67   2.52   1.12   3.85   3.85   3.81   7.30
c     44     83    100    111    138    141    155    159    174     86
a     29   1132  99.658  99.604   7.345    11617  99.304  99.301   0.188
b   2.79   4.21   3.37   3.86   4.00   2.59   3.61   3.18   3.68   8.41
c     44     81     94    121    141    133    142    156    140     80
a     30   1182  99.742  99.719   4.250    11617  99.304  99.302   0.121
b   0.17   2.80   1.89   2.50   1.91  -0.10   3.02   3.79   3.48   4.82
c     43     69    104    126    128    146    153    163    167     83
a     31   1113  99.780  99.750   6.385    11616  99.307  99.303   0.317
b   3.22   2.41   1.55   3.44   1.94   3.14   3.59   4.26   3.52   7.99
c     40     83     87    110    139    150    142    129    142     91
a     32   1242  99.820  99.800   5.075    11616  99.304  99.301   0.188
b   4.11   2.83   4.36   3.05   1.73   1.32   2.74   2.66   3.90   6.22
c     51     87    112    117    136    149    158    175    164     93
a     33   1121  99.623  99.559   7.829    11617  99.304  99.300   0.295
b   2.71   6.08   3.10   4.10   3.64   2.34   3.27   3.81   3.73   8.99
c     36     67    108    116    122    147    143    147    148     87
a     34   1172  99.740  99.689   9.102    11616  99.304  99.298   0.398
b   1.48   1.58   1.60   3.22   2.91   2.82   3.75   3.76   4.13  10.94
c     47     80    102    116    142    124    156    162    150     93
a     35   1139  99.734  99.667  11.160    11617  99.304  99.296   0.561
b   2.82   8.74   0.33   2.82   2.05   2.19   2.80   3.35   3.64  13.67
c     35     72    102    121    132    154    137    148    164     74
a     36   1187  99.716  99.605  16.372    11617  99.304  99.288   1.163
b   2.62   2.77   2.73   3.60   3.24   3.07   4.27   2.89   3.99  20.58
c     47     79     94    107    145    138    149    166    167     95
a     37   1157  99.674  99.574  13.327    11617  99.304  99.291   0.903
b   2.89   2.30   2.15   2.84   2.35   4.17   3.42   3.47   3.03  15.94
c     38     82     94    122    128    146    163    152    149     83
a     38   1159  99.777  99.728  10.059    11617  99.304  99.298   0.396
b   5.37   1.37   2.44   2.40   5.08   1.16   2.81   2.61   3.69  13.52
c     44     72    101    123    119    132    141    167    174     86
a     39   1201  99.760  99.724   6.904    11615  99.304  99.301   0.256
b   1.28   2.57   0.84   3.69   3.34   3.66   3.08   2.96   3.94   8.64
c     47     79    109    106    143    148    175    154    158     82
a     40   1159  99.701  99.662   6.170    11615  99.304  99.299   0.327
b  -0.28   0.88   1.24   2.13  11.07   2.40   2.78   3.38   3.79   7.09
c     36     80    112    124    119    140    124    170    151    103
a     41   1190  99.659  99.580  10.451    11615  99.305  99.299   0.469
b   5.44   3.53   0.90   3.03   2.51   2.42   3.54   3.27   4.12  12.54
c     43     77    105    127    144    154    155    151    143     91
a     42   1179  99.694  99.630   9.467    11615  99.304  99.297   0.467
b   3.86   1.80   2.63   3.66   3.31   2.84   2.47   2.97   3.58  11.97
c     47     92     94    119    125    128    150    175    162     87
a     43   1146  99.377  99.216  11.434    11615  99.304  99.289   1.086
b   2.28   2.91   3.73   3.40   3.03   4.10   2.99   3.48   4.21  12.78
c     36     73     87    111    138    156    162    146    142     95
a     44   1148  99.428  99.252  13.401    11614  99.304  99.291   0.985
b  -0.06   2.19  -0.24   2.90   4.27   3.43   2.76   3.95   3.90  15.67
c     40     73    114    118    123    125    155    159    161     80
a     45   1211  99.594  99.521   8.242    11615  99.304  99.299   0.408
b   0.78   2.49   3.18   2.39   2.91   4.22   3.10   2.98   2.43   9.63
c     38     86    109    134    139    151    144    166    159     85
a     46   1154  99.599  99.518   9.258    11614  99.305  99.300   0.346
b   3.13   0.88   1.78   1.59   2.93   3.55   3.33   2.89   3.35  10.88
c     49     82     98    112    135    137    144    152    162     83
a     47   1164  99.742  99.672  11.893    11616  99.304  99.294   0.669
b  -0.85   0.66   3.93  14.18   2.99   3.16   3.42   3.44   3.53  15.26
c     49     83    100    116    129    137    150    163    152     85
a     48   1137  99.741  99.703   6.855    11613  99.304  99.301   0.254
b   2.28   1.14   1.85   1.47   2.88   2.61   2.45   3.38   3.44   8.62
c     31     88     86    120    125    144    152    163    146     82
a     49   1193  99.772  99.746   5.554    11614  99.305  99.303   0.211
b   2.98   1.03   2.27   3.07   5.04   2.84   3.49   3.85   4.09   6.52
c     51     77    113    125    140    151    142    162    143     89
a     50   1144  99.402  99.229  12.730    11615  99.304  99.296   0.596
b   0.53   0.86   6.50   3.62   3.27   2.40   2.57   4.29   3.02  14.74
c     36     76    108    119    138    127    156    154    155     75
a     51    854  99.764  99.736   5.661    11616  99.304  99.302   0.161
b  -7.88   1.57  -1.77   3.49   5.20   2.39   3.66   4.89   5.46   6.48
c     37     56     77     80     86    104    115    115    115     69
a     52   1168  99.763  99.730   6.473    11617  99.304  99.300   0.259
b   2.02  -1.75   0.76   1.36   2.76   2.68   2.73   2.81   3.34   8.40
c     38     71    104    140    132    144    140    161    153     85
a     53   1142  99.771  99.745   5.264    11617  99.304  99.301   0.199
b   1.94   3.30   2.83   3.75   3.72   1.04   3.38   3.55   3.06   6.45
c     42     78     97    105    144    134    161    150    145     86
a     54   1190  99.651  99.580   9.214    11616  99.305  99.298   0.512
b   2.54   1.65   2.21   1.07   2.90   3.74   3.34   3.38   2.34  11.30
c     47     92    101    124    127    152    143    159    151     94
a     55   1145  99.737  99.687   8.717    11617  99.304  99.298   0.407
b   7.01   3.01   4.59   3.56   3.44   3.58   2.97   2.96   3.57  11.00
c     41     78    117    109    128    126    156    153    159     78
a     56   1190  99.690  99.654   5.497    11617  99.304  99.301   0.231
b   1.25   2.69   0.97   1.05   2.86   2.38   2.88   3.47   3.45   6.47
c     41     85     78    128    146    149    153    159    153     98
a     57   1186  99.679  99.650   4.340    11616  99.304  99.302   0.172
b   1.09   0.85   3.02   2.74   4.01   4.21   2.45   2.94   3.07   4.99
c     39     86    112    122    122    155    142    165    165     78
a     58   1122  99.456  99.336   9.979    11617  99.304  99.294   0.678
b   7.06   1.47   1.79   3.03   1.91   3.25   2.84   2.59   3.25  11.59
c     53     60     92    112    131    136    142    154    147     95
a     59   1184  99.772  99.746   5.470    11617  99.304  99.302   0.166
b   5.48  -0.38   1.43   3.35   5.86   3.41   3.78   2.73   4.23   6.49
c     35     92    107    115    135    147    155    167    158     73
a     60   1222  99.602  99.528   8.616    11617  99.304  99.299   0.371
b   2.43   0.15   2.67   2.03   2.67   1.60   2.20   4.93   3.11  10.32
c     44     86    119    124    141    131    162    152    166     97
a     61   1156  99.648  99.616   4.345    11617  99.304  99.301   0.174
b   3.62   2.60   3.34   3.42   2.90   3.03   2.93   3.74   3.48   4.66
c     47     82     93    115    127    137    135    175    159     86
a     62   1177  99.707  99.658   7.644    11617  99.304  99.300   0.305
b   3.07   1.83   3.36   1.99   2.06   3.92   2.18   2.48   3.93   9.27
c     36     72     92    132    136    151    153    156    160     89
a     63   1171  99.686  99.660   4.011    11617  99.304  99.302   0.144
b   4.71   2.52   2.77   3.27   3.10   3.72   1.30   3.22   4.53   4.20
c     47     92    102    107    130    133    164    156    145     95
a     64   1179  99.700  99.667   5.131    11617  99.304  99.301   0.184
b   2.39   1.29   0.18   2.81   2.07   3.59   3.20   3.22   4.38   5.75
c     38     79    102    125    123    153    146    160    167     86
a     65   1171  99.799  99.762   8.275    11617  99.304  99.298   0.418
b   0.23   2.11   2.51   2.33   3.55   1.69   3.09   4.11   1.70  11.76
c     46     76     99    111    137    135    164    157    155     91
a     66   1152  99.745  99.715   5.540    11617  99.304  99.302   0.169
b   1.46   2.00   1.88   1.18   4.24   1.88   3.36   1.28   2.69   6.91
c     54     79    101    121    125    143    147    156    144     82
a     67   1194  99.718  99.691   4.601    11617  99.304  99.301   0.213
b   3.51   1.23   3.86   2.08   2.57   3.87   2.89   2.38   3.85   5.17
c     40     98    103    121    139    142    144    171    161     75
a     68   1152  99.787  99.766   4.664    11617  99.304  99.301   0.189
b   2.04   2.26   2.53   2.81   1.69   1.95   1.50   2.99   3.11   5.68
c     43     59     98    114    141    141    150    149    153    104
a     69   1173  99.775  99.736   7.983    11616  99.305  99.301   0.281
b  44.54   2.57   4.66 -19.56   1.76   2.71   2.70   3.12   3.00   9.92
c     34     81    101    118    116    162    162    164    155     80
a     70   1186  99.755  99.727   5.388    11617  99.304  99.301   0.230
b   3.29   2.91   3.03   1.91   2.39   2.80   2.94   3.26   3.55   6.50
c     48     82    101    114    147    142    156    152    155     89
a     71   1184  99.763  99.739   4.825    11617  99.304  99.302   0.167
b   3.23   3.64   2.38   2.29   3.35   3.56   1.73   1.78   3.54   5.87
c     53     90     96    123    126    128    154    166    158     90
a     72   1179  99.825  99.814   3.035    11617  99.304  99.303   0.089
b   2.66   3.17   2.56  -0.41   2.72   3.80   3.03   2.58   2.73   3.53
c     34     77    104    127    136    150    148    167    163     73
a     73   1152  99.610  99.538   8.493    11617  99.304  99.298   0.419
b   1.81   2.94   3.50   3.42   2.07   2.11   2.82   3.43   3.14   9.96
c     38     81     96    110    139    136    151    149    151    101
a     74   1167  99.707  99.676   5.062    11616  99.303  99.300   0.240
b   0.80   2.08   2.00   0.50   0.93   1.87   2.25   2.55   2.08   6.06
c     39     81    101    106    132    142    149    159    172     86
a     75   1157  99.792  99.785   1.729    11616  99.305  99.304   0.033
b   8.39   4.71   3.72   3.31   2.84   2.88   3.41   3.20   2.74   0.62
c     41     84    102    127    134    141    150    154    142     82
a     76   1194  99.826  99.812   3.854    11616  99.303  99.301   0.143
b   4.46   3.37   3.21   3.34   3.90   1.59   2.80   2.88   2.88   5.02
c     59     84    100    107    125    137    157    171    167     87
a     77   1165  99.675  99.653   3.212    11617  99.304  99.302   0.115
b   3.99   5.95   3.83   2.75   2.95   2.95   2.46   3.40   3.19   3.25
c     51     78    101    118    135    138    144    157    162     81
a     78   1190  99.649  99.620   3.975    11617  99.304  99.302   0.145
b   7.95   5.48   3.48   4.36   2.42   2.10   2.52   2.82   1.66   4.63
c     31     83    107    115    128    145    170    163    165     83
a     79   1117  99.733  99.713   3.647    11614  99.308  99.306   0.127
b   5.68   3.07   3.09   3.39   2.97   3.16   3.14   2.29   3.21   4.01
c     32     85     94    113    131    148    135    155    143     81
a     80   1179  99.609  99.549   7.111    11617  99.304  99.300   0.262
b  -1.90   3.30   2.60   1.08   0.42  -2.02   1.00   1.68   2.83   8.64
c     39     71    102    128    122    137    169    160    161     90
a     81   1181  99.724  99.682   7.049    11617  99.304  99.300   0.243
b   3.69   3.46   3.74   1.54   3.78   3.11   2.43   3.20   3.17   8.71
c     43     94    102    121    144    144    144    152    149     88
a     82   1185  99.722  99.681   6.894    11617  99.304  99.299   0.342
b   3.36   4.07   3.39   2.07   2.64   2.69   3.88   3.09   3.13   8.27
c     41     77    108    120    136    138    143    157    178     87
a     83   1106  99.735  99.715   3.579    11615  99.306  99.305   0.099
b   1.44   3.09   4.42   0.82   3.53   2.40   3.63   2.44   2.13   4.13
c     40     78     94    112    126    142    153    150    135     76
a     84   1187  99.832  99.810   6.173    11616  99.304  99.301   0.221
b   6.00   4.33   1.80   3.23   1.97   3.22   2.93   2.85   2.75   8.59
c     51     82    100    125    135    133    153    151    163     94
a     85   1149  99.694  99.676   2.760    11616  99.305  99.303   0.094
b   3.84   3.68   4.21   2.79   2.87   1.51   2.52   2.29   2.85   2.81
c     48     86     96    120    119    149    152    154    141     84
a     86   1159  99.800  99.756   9.835    11617  99.304  99.298   0.416
b   1.61   3.53   1.47   2.48   1.99   2.43   1.56   2.89   5.22  13.28
c     47     74    102    123    131    136    145    154    164     83
a     87   1152  99.651  99.582   9.080    11617  99.304  99.299   0.360
b -21.08   4.55   3.73   3.56   3.26   0.79   3.13   2.57   3.48  11.05
c     46     87     93    120    120    151    142    150    150     93
a     88   1167  99.720  99.674   7.596    11615  99.303  99.298   0.345
b   2.99   3.43   3.28   3.27   2.49   4.09   1.82   2.58   1.99   9.57
c     47     80    103    116    135    125    156    152    164     89
a     89   1105  99.654  99.628   3.639    11617  99.304  99.301   0.199
b   2.76   2.62   3.62   3.77   3.46   2.48   3.26   2.94   2.51   4.01
c     38     73     93    121    111    147    133    170    135     84
a     90    751  99.758  99.731   5.335    11614  99.303  99.301   0.127
b   5.50   4.89   5.83   5.49   5.21   3.05   3.39   4.26   3.65   6.15
c     26     53     66     70     90     86     91     93    118     58
a     91   1079  99.762  99.736   5.242    11617  99.304  99.301   0.204
b   3.84   3.91   2.99   3.39   3.20   3.42   3.03   3.30   3.17   6.20
c     35     74     95    101    123    138    139    155    133     86
a     92   1121  99.729  99.668  10.046    11616  99.304  99.298   0.442
b   4.34   3.02   3.26   2.26  -4.01   4.57   2.82   2.52   2.87  13.49
c     45     75     94    124    131    135    122    153    160     82
a     93   1174  99.599  99.531   7.883    11617  99.304  99.296   0.534
b   4.26   2.09   3.78   2.25   3.72   3.07   2.85   2.16   0.82   9.58
c     41     78    110    112    122    149    165    162    153     82
a     94   1127  99.493  99.455   3.627    11617  99.304  99.301   0.230
b   4.92   2.04   5.36   2.22   2.79   4.03   1.14   3.43   2.33   3.90
c     49     86     91    120    133    129    131    157    148     83
a     95   1167  99.593  99.523   7.915    11616  99.306  99.300   0.402
b   5.83   3.79   3.44   3.06   2.91   3.45   3.69   2.61   3.59   9.02
c     40     88    102    130    125    152    153    136    155     86
a     96   1136  99.618  99.514  12.034    11617  99.304  99.289   1.048
b   2.75   3.68   1.92   3.63  -0.15   2.26   2.93   2.63   0.45  15.47
c     47     76     91    114    126    137    137    172    153     83
a     97   1173  99.409  99.273  10.361    11616  99.304  99.289   1.056
b   3.61   4.50   3.94   3.14   3.19   4.54   2.65   2.36   2.65  11.93
c     48     81    104    127    132    133    155    143    153     97
a     98   1171  99.602  99.575   3.375    11616  99.304  99.301   0.214
b   6.30   6.45   2.77   2.45   2.31   2.96   2.42   3.05   1.71   3.61
c     46     78     91    117    125    147    154    160    160     93
a     99   1143  99.832  99.810   5.956    11617  99.304  99.300   0.271
b   2.96   3.58   3.10   2.59   3.04   3.20   2.83   2.61   3.51   8.41
c     40     85    112    117    139    140    132    142    160     76
a    100   1196  99.276  99.021  15.090    11617  99.304  99.291   0.921
b   3.75   3.92   2.64   3.34   3.09   1.32   2.50   2.79   2.50  17.17
c     48     84     99    120    119    140    167    159    162     98
a    101   1174  99.631  99.579   6.590    11617  99.304  99.299   0.358
b   5.36   2.09   2.66   4.32   2.20   4.23   1.75   1.78   2.00   8.00
c     45     77    104    126    134    151    139    146    165     87
a    102   1172  99.591  99.560   3.649    11616  99.304  99.303   0.120
b  -7.56   5.45   3.94   2.45   2.17   2.70   1.97   2.44   1.78   4.10
c     27     97     91    114    132    137    165    158    156     95
a    103   1143  99.558  99.485   7.596    11617  99.304  99.300   0.297
b   3.04   3.40   2.85   2.87   2.79   2.93   3.07   1.50   2.72   9.13
c     37     76    104    114    122    145    140    167    157     81
a    104   1195  99.593  99.559   4.034    11617  99.304  99.301   0.198
b   3.55   2.19   3.38   2.36   2.67   1.17   2.03   2.51   2.11   4.70
c     55     70    111    114    148    132    149    161    163     92
a    105   1184  99.514  99.378  12.350    11617  99.304  99.294   0.711
b   3.01  -1.78   2.77   3.18   0.87   4.44   2.57   1.78   1.88  14.19
c     51     91     94    123    121    151    152    154    158     89
a    106   1145  99.402  99.363   3.185    11617  99.304  99.301   0.215
b  -5.33   2.83   3.39   3.55  11.45   2.90   2.69   2.99   2.41   3.29
c     39     68     93    124    143    136    143    149    164     86
a    107   1132  99.638  99.612   3.488    11616  99.303  99.301   0.141
b   5.90   2.53   4.82   4.58   3.41   4.36   2.72   2.31   1.38   3.93
c     38     84    107    102    133    131    145    154    151     87
a    108   1206  99.728  99.668   9.934    11617  99.304  99.296   0.573
b   5.71   3.13   2.18   2.68   2.80   3.31   3.16   3.85   3.07  12.23
c     43     87    107    115    136    154    148    149    176     91
a    109   1137  99.773  99.754   4.018    11617  99.304  99.302   0.162
b   4.39   3.01   3.68  11.33   3.71   2.95   3.65   1.42   2.57   4.53
c     47     70     87    125    126    141    147    166    143     85
a    110   1139  99.790  99.770   4.542    11617  99.304  99.302   0.151
b   2.62   3.17   2.36   1.56   2.16   3.73   2.20   1.34   2.75   6.32
c     37     86     96    121    132    131    141    153    166     76
a    111   1228  99.837  99.819   5.284    11617  99.304  99.300   0.258
b   5.56   3.45   1.90   2.97   4.27   3.93   3.16   2.93   1.86   6.98
c     52     84    109    123    127    157    169    158    154     95
a    112   1125  99.719  99.734  -2.690    11617  99.304  99.306  -0.135
b   5.05   3.72   2.14   2.24   1.61   2.39   2.69   2.36   2.02  -5.45
c     37     72     95    121    134    134    126    151    170     85
a    113   1189  99.609  99.551   6.844    11617  99.304  99.299   0.360
b   4.08   4.40   2.98   2.94   1.48   4.22   3.20   2.82   1.46   8.38
c     45     79    105    113    155    139    146    169    139     99
a    114   1146  99.777  99.754   4.966    11617  99.304  99.302   0.156
b   1.45   7.92   3.24   2.67   2.59   3.26   2.24   2.97   2.95   6.43
c     43     91     92    115    115    143    152    154    168     73
a    115   1185  99.586  99.545   4.721    11617  99.304  99.301   0.186
b   3.45   1.23   4.17   2.33   3.21   2.83   1.72   2.35   2.91   5.28
c     53     77    112    128    132    136    147    151    151     98
a    116   1163  99.433  99.397   3.158    11617  99.304  99.302   0.162
b   1.96   2.91   3.06   3.18   3.07   2.97   3.30   2.28   3.33   3.26
c     39     63     94    103    139    156    153    165    147    104
a    117   1163  99.592  99.528   7.274    11616  99.304  99.301   0.242
b   0.97   2.12   3.81   2.78   2.77   2.94   3.14   3.08   1.94   8.99
c     39    102     93    133    118    123    146    159    169     81
a    118   1201  99.728  99.691   6.478    11617  99.304  99.300   0.276
b   2.80   3.87   2.81   2.57   3.60   3.06   1.80   2.88   0.86   7.99
c     46     75    123    119    131    148    154    152    151    102
a    119   1128  99.758  99.762  -0.720    11617  99.304  99.305  -0.075
b   4.79   4.87   2.00   1.23   2.48   3.02   2.22   3.52   2.44  -2.42
c     39     76     83    117    142    139    146    160    146     80
a    120   1119  99.640  99.593   6.180    11617  99.304  99.298   0.387
b   4.22   3.69   4.30   2.17   4.29   2.07   0.84   1.57   2.89   7.38
c     45     77    105    121    110    128    152    140    151     90
a    121   1221  99.717  99.681   5.949    11616  99.304  99.301   0.226
b   5.55   2.07   5.38   2.75   4.15   4.55   2.05   2.91   2.88   6.90
c     43     89    105    127    152    141    151    175    162     76
a    122   1145  99.626  99.554   8.874    11616  99.306  99.297   0.632
b   2.52   1.89   3.84   2.95   3.52   2.88   3.10   2.28   1.60  10.88
c     43     80    103    108    131    136    150    157    151     86
a    123   1140  99.366  99.309   4.323    11616  99.304  99.301   0.238
b   4.92   3.58   1.99   4.08   3.09   3.17   2.50   1.75   2.49   4.74
c     42     77    108    120    127    140    131    150    156     89
a    124   1167  99.634  99.590   5.655    11616  99.304  99.301   0.221
b   2.94   2.55   5.84   1.64   3.32   2.75   2.94   2.21   2.63   6.61
c     46     76     83    127    149    160    142    155    144     85
a    125   1134  99.629  99.572   7.120    11616  99.304  99.300   0.299
b   6.86   3.60   3.28   3.15   0.70   3.05   2.53   2.25   2.84   8.31
c     43     94     94    111    121    130    154    155    147     85
a    126   1194  99.553  99.478   7.753    11614  99.304  99.296   0.591
b   5.69   4.35   3.26   2.70   2.13   0.31   2.29   2.44   2.37   8.99
c     41     78    123    126    134    144    144    151    165     88
a    127   1155  99.686  99.625   8.828    11615  99.305  99.298   0.455
b   4.45   3.65   2.84   2.47   2.96   3.43   2.82   1.57   1.44  11.67
c     45     94    100    104    138    133    147    157    151     86
a    128   1128  99.719  99.683   6.035    11616  99.304  99.301   0.211
b   2.45   2.27   2.14   1.43  -3.65   2.62   2.63   2.98   2.37   7.47
c     32     75     91    130    127    142    157    155    127     92
a    129   1035  99.628  99.539  10.775    11617  99.304  99.298   0.441
b   2.40   4.74   2.82   3.08   2.90   3.23   3.35   3.65   1.97  13.56
c     43     67     94    104    119    122    125    140    144     77
a    130   1126  99.642  99.607   4.773    11616  99.307  99.304   0.229
b   6.15   3.82   3.43   2.68   2.34   4.59   2.57   2.13   2.56   5.62
c     37     73    100    112    125    136    152    152    155     84
a    131   1187  99.672  99.661   1.752    11616  99.303  99.302   0.060
b   8.67   3.79   6.42   2.85   2.55   3.70   2.87   2.74   2.02   1.44
c     47     86    109    140    131    132    151    157    142     92
a    132   1102  99.817  99.804   3.556    11616  99.304  99.302   0.115
b   3.76   2.79   2.57   1.29   2.26   3.92   0.61   1.97   1.83   4.87
c     43     69    101     99    125    141    147    149    148     80
a    133   1211  99.722  99.766  -8.562    11617  99.304  99.310  -0.450
b   7.16   4.63   2.06  12.97   3.53   3.67   2.78   2.49   2.71 -14.33
c     40     90     94    130    143    146    145    170    155     98
a    134   1132  99.757  99.722   6.612    11615  99.306  99.302   0.306
b   8.00   1.76   2.56   2.50   3.42   3.57   2.32   3.01   1.82   8.26
c     47     82    100    115    123    136    140    156    147     86
a    135   1208  99.757  99.755   0.594    11613  99.305  99.305  -0.012
b   2.17  -0.43   1.16   3.55  -1.39   1.72   2.72   1.71   3.39  -0.36
c     46     85    110    133    136    149    147    157    160     85
a    136   1118  99.516  99.493   2.318    11616  99.304  99.302   0.131
b   2.03   2.80   3.01   4.41   2.72   3.06   2.49   2.86   2.35   2.31
c     34     82     95    112    126    135    148    147    155     84
a    137   1169  99.636  99.641  -0.760    11615  99.308  99.308  -0.023
b   4.13   2.05   1.94   2.75   1.94   2.83   2.04   1.76   2.76  -1.78
c     43     85     95    108    141    147    143    158    162     87
a    138   1161  99.730  99.740  -1.833    11617  99.304  99.305  -0.084
b   0.16   2.26   2.15   0.09   0.88   1.97   1.24   2.40   3.73  -4.58
c     50     82     98    128    134    132    155    158    143     81
a    139   1188  99.419  99.523  -9.908    11615  99.304  99.310  -0.407
b   2.37   1.86   2.13  -0.42   1.90   1.89   1.42   2.41   0.53 -12.25
c     44     81    100    120    132    143    154    156    159     99
a    140   1135  99.721  99.667   8.770    11615  99.305  99.300   0.343
b   3.15  -1.18   3.07   3.33   1.50  -1.72   0.80   1.37   2.31  11.21
c     40     76    107    114    132    132    145    153    149     87
a    141   1165  99.540  99.495   4.580    11615  99.305  99.303   0.198
b   6.16   2.46   2.42   3.18   3.27   2.71   3.28   2.20   2.58   5.06
c     42     77    100    122    117    153    137    161    167     89
a    142   1164  99.532  99.597  -7.500    11614  99.303  99.310  -0.470
b   3.63   2.87   1.98   1.69   0.45   1.94   2.60   2.62   1.61  -9.77
c     45     78    103    113    147    130    159    151    147     91
a    143   1143  99.748  99.718   5.648    11616  99.304  99.301   0.216
b   4.42   4.92   4.60   2.77   2.93   2.89   3.06   3.12   2.66   6.62
c     33     73     99    120    118    143    143    156    167     91
a    144   1170  99.618  99.572   5.692    11616  99.304  99.301   0.214
b   3.27   4.14   3.82   3.37   0.56   3.43   2.50   2.28   2.17   6.81
c     53     85     94    126    139    137    152    144    154     86
a    145   1231  99.203  99.088   6.781    11616  99.305  99.296   0.617
b   3.54   3.62   3.24   3.94   3.40   3.80   1.72   1.75   2.70   7.48
c     42     88    109    119    126    148    160    168    169    102
a    146   1133  99.736  99.700   6.276    11615  99.305  99.302   0.244
b   4.72   2.30   1.07   2.38   1.21   2.56   2.58   1.93   2.83   7.79
c     36     84     99    117    144    145    134    140    149     85
a    147   1211  99.415  99.375   3.314    11617  99.304  99.300   0.300
b   3.45   2.15   3.39   3.98   3.73   3.47   1.87   1.95   1.37   3.61
c     50     81    118    116    131    131    159    174    164     87
a    148   1125  99.700  99.623  11.351    11616  99.304  99.292   0.852
b   4.67   4.17   2.58   1.70   3.01   3.30   2.42   2.34   3.29  13.81
c     40     85     79    124    133    153    127    144    140    100
a    149   1199  99.740  99.713   4.917    11617  99.304  99.301   0.211
b   3.10   3.57   5.24   3.13   1.80   3.06   2.90   2.37   2.60   5.75
c     40     81    114    108    126    141    165    151    176     97
a    150   1117  99.712  99.660   8.228    11616  99.304  99.299   0.413
b   5.45   2.82  -0.68   3.74   1.00   1.92   1.97   1.81   3.36   9.90
c     43     63    101    123    138    134    139    144    143     89
a    151   1166  99.805  99.797   2.151    11617  99.304  99.303   0.046
b   2.89   3.01   2.50   3.25   4.02   3.49   3.45   3.12   3.11   1.31
c     41     82    100    121    126    153    147    157    149     90
a    152   1143  99.754  99.711   8.058    11616  99.304  99.298   0.439
b   2.79   3.22  -0.44   2.10   3.09   3.01   2.67   2.22   2.07   9.99
c     44     69     98    110    136    132    146    148    166     94
a    153   1143  99.692  99.672   3.237    11617  99.304  99.301   0.193
b   4.69   2.54  -1.18   2.76   7.41   2.55   1.40   1.75   2.27   3.50
c     47     82    101    122    131    141    144    143    143     89
a    154   1176  99.673  99.673  -0.025    11617  99.304  99.304  -0.014
b   2.99   2.69   3.84   3.45   2.99   2.93   2.97   3.12   1.23  -0.76
c     40     74     89    114    128    142    159    163    168     99
a    155   1148  99.774  99.740   6.989    11616  99.304  99.300   0.267
b   2.81   8.00   2.11   3.57   2.60   3.14   4.00   2.65   2.03   9.30
c     45     91    102    116    140    131    139    145    156     83
a    156   1194  99.764  99.731   6.545    11616  99.304  99.300   0.331
b   4.21   1.81   5.16   3.05   3.31   0.74   3.26   1.60   1.66  10.69
c     38     91    114    122    120    151    161    155    162     80
a    157   1148  99.758  99.734   4.769    11617  99.304  99.301   0.191
b   2.56   3.21   3.52   2.72   3.62   2.19   3.82   1.55   2.17   6.00
c     41     85    103    113    129    121    145    160    158     93
a    158   1143  99.770  99.754   3.305    11617  99.304  99.302   0.134
b   4.11  -3.04   0.93   1.49   3.31   2.99   2.67   1.90   2.85   3.80
c     39     67     90    118    138    154    154    153    150     80
a    159   1161  99.665  99.638   3.877    11617  99.304  99.302   0.159
b   2.82   3.36  -0.03   2.79   0.14   3.72   2.83   0.70   2.67   4.49
c     58     73     95    124    119    137    140    146    167    102
a    160   1152  99.764  99.733   6.176    11617  99.304  99.301   0.236
b  -0.60   2.81   3.13   3.38   3.45   4.08   3.51   2.48   2.58   7.95
c     42     90    108    112    127    132    159    151    147     84
a    161   1153  99.769  99.749   4.226    11617  99.304  99.302   0.155
b   2.54   3.01   2.79   2.36   4.91   2.04   3.34   3.75   2.82   4.97
c     40     77    106    121    137    138    132    154    156     92
a    162   1153  99.752  99.730   4.242    11617  99.304  99.302   0.136
b   6.06   3.79  -1.92   3.28   2.20  -0.14   3.75   2.28   3.57   4.90
c     49     86     87    123    118    129    156    167    152     86
a    163   1133  99.713  99.673   6.426    11617  99.304  99.300   0.252
b   1.83   2.60   1.07   3.10   3.54   3.05   2.67   4.13   3.84   7.53
c     35     79     92    128    140    144    131    141    156     87
a    164   1154  99.766  99.708  10.928    11617  99.304  99.296   0.549
b   3.75   1.70   1.29   2.64   2.95   1.81   2.40   3.19   2.45  14.09
c     34     79    112    106    136    134    154    157    158     84
a    165   1144  99.717  99.698   3.213    11617  99.304  99.302   0.129
b   2.80  -1.52   2.21   3.44   4.66   2.15   2.58   3.04   3.00   3.39
c     50     78     98    131    121    144    138    132    158     94
a    166   1175  99.676  99.650   3.863    11617  99.304  99.301   0.181
b   3.46   1.51   0.39   0.31   2.39   2.74   2.18   1.95   3.74   4.27
c     39     79     99    109    145    147    148    168    149     92
a    167   1126  99.616  99.555   7.427    11615  99.305  99.301   0.236
b   4.16   3.45   3.31   4.78  -0.04   2.42   3.86   3.01   1.19   9.25
c     39     74    106    118    135    128    146    143    160     77
a    168   1153  99.607  99.589   2.159    11617  99.304  99.302   0.100
b   1.68   2.21   1.57   3.60   2.93   3.13   1.18   2.95   3.55   1.85
c     44     76     99    110    122    145    143    166    155     93
a    169   1190  99.723  99.645  12.402    11617  99.304  99.295   0.670
b   4.99   4.03   1.60   3.26   2.41   4.94   2.75   2.90   3.06  16.64
c     41     85     95    142    138    143    142    148    158     98
a    170   1147  99.680  99.689  -1.420    11617  99.304  99.305  -0.096
b   1.92   1.97   2.98   2.11   2.17   2.01   2.12   1.85   4.05  -3.74
c     42     87     93    111    120    141    153    151    161     88
a    171   1181  99.716  99.696   3.366    11616  99.303  99.301   0.152
b   7.77   3.02   1.68   1.86   3.39   3.25   3.09   3.19   3.48   3.41
c     41     85    121    106    129    155    143    164    140     97
a    172   1154  99.733  99.718   2.661    11616  99.304  99.302   0.117
b   2.97   3.29   2.95   2.27   3.21   2.73   2.71   3.59   3.07   2.50
c     41     71    101    117    140    131    155    148    165     85
a    173   1147  99.757  99.687  12.575    11615  99.304  99.297   0.533
b   0.99   3.34   2.42   2.23   2.98   3.40   2.72   3.56   4.28  16.50
c     39     87     78    135    125    155    142    142    163     81
a    174   1119  99.616  99.585   3.968    11616  99.304  99.301   0.196
b   1.24   0.96   2.35   2.93   2.69   1.79   2.55   4.02   2.80   4.36
c     41     85     94    112    124    130    137    155    147     94
a    175   1152  99.791  99.755   7.849    11617  99.304  99.300   0.314
b   3.82   3.33   3.98   3.64   2.75   1.90   3.26   3.45   3.84  10.53
c     51     73    102    100    141    138    149    153    157     88
a    176   1151  99.073  98.829  11.657    11617  99.304  99.286   1.286
b   6.33   4.22   3.58   3.02   3.49   2.60   3.12   2.50   2.96  13.20
c     39     78    110    127    129    142    135    153    157     81
a    177   1134  99.551  99.428  12.147    11616  99.304  99.289   1.100
b   2.57   3.44   1.41   2.31   2.59   3.92   3.30   2.47   3.31  14.06
c     40     81    105    112    121    143    148    146    154     84
a    178   1125  99.620  99.568   6.502    11616  99.304  99.300   0.309
b   1.68  -0.51   2.00   1.95   3.54   0.93   2.46   3.39   3.23   7.63
c     53     85     97    113    126    125    137    150    149     90
a    179   1066  99.587  99.510   8.572    11615  99.305  99.298   0.491
b   2.04   2.40   3.03   2.39   1.28   4.23   3.32   3.59   3.66  10.21
c     29     76     76    107    134    138    137    137    152     80
a    180    892  99.498  99.400   8.971    11616  99.305  99.300   0.340
b   2.43   4.89   3.16  -1.84  -3.38   1.93   2.06   3.02   2.81  11.19
c     36     50     78     86    105    105    111    127    120     74
 -------------------------------------------------------------
 
overall CC1/2ano:    58.624 nref=   10517 (but the overall value is meaningless!)
<CC1/2ano> :    54.462 (average of CC1/2ano in resolution shells)
CC1/2ano in resolution shells:
  72.9  48.2  59.7  58.7  60.2  65.1  61.4  50.8  28.8  58.7
unique Friedel pairs:
    305    608    776    946   1073   1187   1293   1409   1495   1425
 
 headings for lines starting with d,e,f:
d: <CC1/2ano> of each frame:
d:   reflections of this frame only        reflections of all frames
d: frm   nref    with without   delta     nref    with without   delta
e: delta-CC1/2ano in resolution shells
f: # reflections for delta-CC1/2ano
d     1    713  48.538  46.812   2.233    10515  54.464  54.369   0.136
e   1.97   4.13  -2.44  -4.02   0.23   1.56  -0.02   3.39   3.43  15.28
f     18     42     67     78     80     86     93     99    104     46
d     2    994  53.232  51.002   3.061    10515  54.460  54.229   0.328
e   6.17  11.03   1.54   5.05   2.37  -0.28   3.51   3.60  -0.17   7.24
f     33     68     88     96    119    114    125    136    148     67
d     3   1015  49.193  48.506   0.903    10513  54.464  54.359   0.148
e   5.03   2.86   4.52  -0.82   2.67  -1.80   2.52   1.76   0.27  -4.77
f     35     65     76    102    115    137    136    143    136     70
d     4   1085  54.625  52.906   2.418    10514  54.473  54.300   0.246
e   2.87   2.77   2.68   3.79  -0.22   4.87   3.62   3.70   1.26  -0.50
f     39     84     93    117    111    134    136    143    154     74
d     5   1082  49.704  48.534   1.541    10514  54.465  54.370   0.134
e  -1.65   2.09   2.33   1.67  -0.81   1.26  -0.42   1.33   2.37   6.37
f     41     59     96    114    120    139    133    155    146     79
d     6   1086  54.848  53.678   1.658    10513  54.326  54.200   0.178
e  -2.18   0.72  -1.24   0.81   1.33   4.88   3.41   0.95   1.84   2.07
f     39     77     98    113    135    127    131    143    145     78
d     7   1081  54.053  52.321   2.414    10512  54.483  54.317   0.235
e   3.22   4.85   2.85   0.03   2.40   0.08   3.23   2.26   1.53   7.86
f     31     72     84    106    117    142    141    154    158     76
d     8   1050  48.226  46.636   2.050    10512  54.417  54.278   0.198
e   3.74   0.31   4.53   4.55   1.39   1.77   1.09   3.91   0.41   1.30
f     34     75     92     99    120    123    135    139    153     80
d     9   1109  54.117  53.738   0.535    10514  54.476  54.413   0.089
e  -0.35  -1.09  -4.23   2.11   1.50   1.10   3.16   0.71   2.76  -6.80
f     37     70     92    122    134    140    138    146    161     69
d    10   1112  52.533  50.586   2.651    10516  54.457  54.267   0.270
e  -2.29   4.67   0.56   3.80   4.59   3.97   3.52   1.02   0.65   4.74
f     33     83    103    113    117    138    148    145    154     78
d    11   1081  50.700  49.442   1.679    10516  54.464  54.269   0.277
e  -2.92   4.26   3.54   1.44   2.54   3.80   3.31   2.26   0.72  -2.68
f     36     79     88    106    120    125    132    154    149     92
d    12   1155  51.895  50.741   1.567    10516  54.461  54.287   0.247
e   3.68   4.18   4.43   3.85   2.86   2.14   3.53   0.47   1.25  -6.76
f     43     71    104    127    132    138    160    152    148     80
d    13   1076  53.860  52.713   1.602    10515  54.467  54.326   0.201
e   4.02  -0.91   4.66   5.90  -1.54   1.92   3.69   3.95   0.92  -4.49
f     38     75    102    104    125    141    130    140    150     71
d    14   1082  56.670  55.756   1.336    10513  54.471  54.341   0.185
e   1.39   0.12   3.06   2.88   2.38   3.54   3.17   4.18   0.56  -9.00
f     38     77     91    105    124    120    158    152    149     68
d    15   1083  55.315  53.241   2.940    10516  54.458  54.260   0.282
e   5.29   4.93   0.68  -0.24   0.98   4.10   2.37   3.39   4.56   5.47
f     42     65     98    120    136    147    122    139    136     78
d    16   1079  51.579  50.991   0.797    10515  54.464  54.362   0.144
e   4.52   1.13  -5.81   1.55   0.09   2.70   4.62   2.18   2.07  -2.51
f     32     70     96    119    118    123    154    153    146     68
d    17   1039  52.440  51.717   0.993    10513  54.497  54.385   0.158
e   3.49   3.33   4.17   0.63   1.46   1.62   2.91   0.72   0.23  -3.75
f     33     74     87    102    127    128    122    139    149     78
d    18   1111  45.130  45.432  -0.379    10514  54.491  54.420   0.101
e  -8.00  -0.86  -1.30  -0.42   1.48   0.18   2.12   1.43   0.53  -7.48
f     35     71     83    130    123    128    153    153    154     81
d    19   1086  51.327  51.077   0.339    10514  54.463  54.380   0.118
e   5.31   3.15   3.05   1.82   2.79   2.10  -0.72   1.46   0.76 -10.66
f     37     79     97    110    117    133    122    147    147     97
d    20   1093  52.533  52.232   0.415    10516  54.488  54.364   0.175
e   2.57   3.51   5.74   3.90   1.17   1.70  -0.75   2.80   1.15 -15.27
f     30     72     98    101    134    148    152    137    145     76
d    21   1111  50.518  49.429   1.452    10517  54.462  54.343   0.168
e   3.68   4.54   4.66   1.69  -1.42   1.72   1.89   1.18   0.33   0.68
f     42     72    102    123    115    128    141    152    152     84
d    22   1047  52.148  50.721   1.940    10516  54.463  54.279   0.262
e   0.12   2.54   1.41   2.52   3.09   1.98   2.90   3.11   2.82  -2.77
f     35     67     87    109    119    130    143    131    152     74
d    23   1127  50.155  49.152   1.330    10517  54.462  54.345   0.166
e   5.69  -0.44   1.31  -1.61   2.53   0.88   2.59   2.26   2.51  -1.35
f     33     75    104    103    123    135    151    154    166     83
d    24   1080  50.507  49.899   0.813    10516  54.466  54.361   0.150
e   2.67   2.44   0.78   0.36   1.05   0.70   2.47   0.74   2.50  -5.21
f     36     78     98    116    122    123    129    153    150     75
d    25   1094  53.801  53.123   0.949    10514  54.468  54.394   0.106
e   1.97  -3.73  -0.03   0.45   1.84   0.07   3.32   1.29   0.67   2.66
f     32     66     90    103    117    144    149    162    151     80
d    26   1105  52.322  50.636   2.293    10513  54.401  54.172   0.325
e   2.15   2.70   1.60   2.56   4.44   1.89   3.40   4.15   2.61  -2.88
f     39     73     97    119    130    128    139    157    148     75
d    27   1090  49.904  48.062   2.423    10515  54.464  54.233   0.328
e   5.38   8.18   5.64   2.71   1.31   0.24   2.04   1.40   3.76  -0.33
f     28     68     94    111    113    131    148    148    156     93
d    28   1132  54.252  53.697   0.783    10509  54.503  54.410   0.132
e  -2.23   1.94   0.67   2.27   0.27   1.36   3.36   0.65   1.33  -4.03
f     41     77     96    106    132    129    153    155    168     75
d    29   1071  51.972  50.724   1.694    10512  54.464  54.339   0.178
e   3.49   2.50   3.21   0.44   3.40   2.55   3.16   0.58  -0.36   2.20
f     39     74     82    114    132    122    141    154    140     73
d    30   1134  56.486  55.332   1.678    10516  54.461  54.368   0.131
e   5.84   2.43  -4.14   2.09   2.15   2.13   2.03   2.25   0.14   5.65
f     37     63     98    120    120    142    150    161    163     80
d    31   1046  51.979  50.699   1.738    10511  54.490  54.304   0.264
e   3.63   2.38   5.57   2.02   6.55   2.74   0.12   1.13  -1.14  -1.16
f     32     74     84    103    130    141    137    125    139     81
d    32   1173  53.698  53.376   0.452    10516  54.463  54.376   0.124
e   8.14   2.85   1.89   2.75  -1.67   1.41   1.35   2.41  -1.13  -4.81
f     37     80     99    109    129    141    154    173    162     89
d    33   1074  52.955  51.665   1.775    10510  54.495  54.334   0.229
e  -1.30   7.16   3.91   2.73   4.37  -0.84   0.85   1.12   1.77  -1.17
f     34     59    101    109    116    142    142    145    148     78
d    34   1105  51.407  50.244   1.568    10507  54.458  54.298   0.228
e   2.91   2.47   3.34   4.32   2.11  -0.85   1.44   0.58   2.34   0.66
f     38     72     97    107    133    119    155    158    144     82
d    35   1084  48.639  47.071   2.033    10516  54.461  54.248   0.302
e   5.89   2.49   2.76   2.76   4.40   1.45   2.57   2.95   2.44  -4.95
f     29     63     95    112    123    153    132    144    164     69
d    36   1121  50.011  48.953   1.401    10510  54.354  54.186   0.238
e   4.00   0.33  -0.10   3.08   2.08   2.58   1.74   1.91   0.76   0.80
f     38     71     85    100    135    134    147    165    164     82
d    37   1097  56.649  54.601   2.965    10509  54.511  54.301   0.299
e  -2.38   1.94   3.96   3.37   1.34   2.94   3.06   1.82   4.34   6.21
f     31     74     86    115    120    143    158    149    147     74
d    38   1098  49.247  48.614   0.832    10512  54.484  54.355   0.183
e  -0.24  -0.90   3.76   0.89   1.79   1.74   0.13   2.56   1.75  -4.48
f     35     67     91    116    109    130    140    163    169     78
d    39   1146  54.700  53.490   1.710    10511  54.473  54.330   0.203
e  -0.09  -0.58   3.17   2.11   3.54   3.36   2.00   2.06   1.48  -2.53
f     38     74    102     97    138    143    171    150    157     76
d    40   1098  55.027  53.814   1.724    10508  54.497  54.385   0.160
e  -3.18  -3.70   1.18   3.64   4.06   4.62   0.20   0.84  -0.04   7.08
f     32     70    102    113    113    139    122    167    148     92
d    41   1128  51.203  49.694   2.025    10510  54.439  54.229   0.298
e  -1.77   7.79   4.85   2.42   2.22   0.73   3.28   3.94   1.22  -5.18
f     35     69     98    123    134    149    150    149    140     81
d    42   1113  50.744  49.648   1.465    10510  54.394  54.290   0.148
e   2.55  -2.30   3.37   2.55   2.26   1.84   1.82   1.68   0.52   1.25
f     36     83     86    108    120    126    149    172    158     75
d    43   1092  53.177  52.272   1.253    10507  54.117  53.986   0.185
e   2.92   4.88   2.19   3.80  -3.11   1.63   2.25   4.58   1.89  -6.12
f     34     69     77    106    128    154    159    143    139     83
d    44   1080  56.195  55.606   0.857    10511  54.289  54.196   0.131
e   3.82  -1.25  -6.23   2.11   2.78   2.52   2.58   3.47   3.09  -8.17
f     31     65    104    108    115    118    154    154    161     70
d    45   1151  55.153  52.642   3.538    10511  54.474  54.206   0.380
e   7.24   5.83   0.17   1.23   2.00   0.94   2.20   2.39   4.63  17.10
f     31     76    102    127    133    147    140    164    154     77
d    46   1092  51.964  50.243   2.328    10512  54.435  54.265   0.242
e   6.12   3.43   3.79   3.13   1.33   0.86   1.25   0.55   3.36   3.77
f     43     75     91    102    126    131    141    150    159     74
d    47   1093  42.347  41.102   1.506    10508  54.396  54.252   0.205
e  -0.62  -0.79   2.51   1.04  -2.13   1.98   0.48   2.56   3.34   4.43
f     41     75     88    109    121    130    146    162    148     73
d    48   1077  48.598  46.983   2.093    10512  54.421  54.237   0.260
e   6.53   3.58   4.13   3.86   0.13   2.10   3.84   0.54   2.19   0.63
f     22     80     78    113    119    137    150    158    145     75
d    49   1129  51.474  49.794   2.258    10510  54.490  54.305   0.264
e   1.31   2.95   4.35   3.40   2.88   1.66   2.50   1.26   1.70   2.13
f     46     69    107    118    131    143    139    158    140     78
d    50   1089  51.645  49.960   2.271    10511  54.556  54.392   0.234
e   3.85   1.72   6.16   1.38   0.63   1.75   3.35   0.33   2.17   4.85
f     34     70    100    110    130    120    154    152    154     65
d    51    802  47.771  45.477   2.930    10514  54.467  54.320   0.209
e   0.57   2.86   0.90   5.06   5.12  -0.96   2.51   4.26   0.76   9.94
f     31     51     71     71     82     96    110    113    112     65
d    52   1113  52.648  52.147   0.691    10512  54.480  54.396   0.120
e   2.42 -12.88   3.34   0.22   4.77   0.53   2.56   0.33   1.33   3.04
f     34     67     97    133    127    134    136    158    149     78
d    53   1074  50.973  49.327   2.199    10510  54.513  54.328   0.262
e  -0.08   5.48   3.08   3.63   0.83   2.22   4.30   2.57   2.38  -3.25
f     36     69     92     99    134    126    150    147    143     78
d    54   1121  54.418  53.244   1.652    10514  54.520  54.406   0.162
e   0.18   2.40   5.50   3.25   4.75   1.33   1.80   2.53  -3.73   2.56
f     41     84     91    116    123    141    134    155    149     87
d    55   1087  51.775  50.048   2.332    10516  54.468  54.289   0.254
e   5.94   2.10   1.59   0.91   2.89   1.67   4.11   1.35  -0.02  10.02
f     34     71    108    104    119    121    147    150    157     76
d    56   1125  50.196  48.619   2.086    10515  54.458  54.300   0.224
e   2.23   1.53   2.41   3.04   3.47   0.98   2.46   0.94  -0.06   6.93
f     36     77     74    122    136    145    138    153    150     94
d    57   1119  54.502  52.883   2.274    10517  54.462  54.297   0.234
e  -1.39   4.75   4.27   3.29   1.11   1.64   2.24   0.67   1.33   5.36
f     33     79    104    113    117    146    133    155    162     77
d    58   1060  60.426  59.484   1.470    10514  54.475  54.356   0.169
e   0.65   0.92  -2.12  -1.37   3.78  -0.02   1.29  -0.02   2.31  12.27
f     47     55     85    106    123    131    136    143    144     90
d    59   1114  51.285  49.771   2.034    10515  54.467  54.306   0.229
e   4.74  -5.45   3.20   0.65   6.12   2.37   3.69   0.92   2.58   2.62
f     29     87    101    109    127    138    147    152    154     70
d    60   1154  55.419  54.018   2.001    10516  54.475  54.295   0.256
e   4.66   3.46   2.64   1.90   2.12   2.80   0.05   2.93   1.75   1.70
f     36     78    111    117    136    126    155    141    160     94
d    61   1087  47.353  45.297   2.617    10515  54.468  54.254   0.304
e   5.79   4.06  -0.02   1.75   1.02   4.00   2.11   3.87   0.92   6.22
f     42     78     84    109    120    132    131    163    146     82
d    62   1103  55.356  53.591   2.510    10516  54.472  54.306   0.236
e   2.70  -2.18   2.63   1.05   4.13   1.76   1.44   1.53   3.91   6.25
f     32     65     88    126    129    144    144    146    144     85
d    63   1106  56.442  54.437   2.895    10515  54.468  54.300   0.239
e   5.26   2.43   4.99   4.32   0.66   0.89   3.24   5.36  -2.08   9.29
f     44     85     93    100    125    128    157    149    138     87
d    64   1105  52.181  51.477   0.962    10516  54.466  54.315   0.214
e  -0.77  -1.12   4.15  -1.17   2.53   2.97   5.74   0.20   3.23  -8.72
f     31     74    100    119    118    145    138    154    151     75
d    65   1091  51.891  50.543   1.827    10516  54.463  54.284   0.254
e  -2.01   4.82   3.99   4.50   4.75   4.83   2.77  -0.34  -0.13  -3.94
f     40     73     91    104    129    130    157    148    146     73
d    66   1098  53.340  51.359   2.729    10517  54.462  54.296   0.235
e  -0.86   5.19  -0.36  -1.78   2.98  -0.02   2.78   3.56   2.00  11.48
f     47     75     94    118    118    138    145    149    138     76
d    67   1122  55.120  53.556   2.219    10514  54.481  54.308   0.246
e   4.55   3.88  -0.80   3.50   3.19   1.18   2.14   1.97   0.79   8.87
f     34     89     97    114    133    135    136    163    153     68
d    68   1103  50.708  48.813   2.518    10517  54.462  54.281   0.257
e   3.01  -3.02   2.66   1.89   5.65   0.44   2.85   3.36   0.48   6.31
f     40     54     93    107    136    136    144    145    147    101
d    69   1113  53.537  54.827  -1.825    10517  54.462  54.729  -0.380
e   6.53   4.96   0.37 -29.78   1.03   4.07   3.98   2.79   2.01   1.37
f     27     76     95    112    110    155    155    157    149     77
d    70   1132  53.643  51.453   3.025    10516  54.472  54.253   0.311
e   3.83   2.89   1.48   1.75   3.83   2.29   3.63   2.90   5.63   0.17
f     44     77     96    107    138    138    151    145    150     86
d    71   1127  54.948  53.078   2.640    10517  54.462  54.259   0.288
e   4.73   4.97  -0.99   1.34   3.91   1.69   0.94   6.10   1.70   2.17
f     48     82     91    117    123    121    146    160    152     87
d    72   1128  52.622  51.493   1.549    10516  54.475  54.323   0.216
e  -1.57  -0.55   2.15   2.60   3.50   2.37   2.88   3.28   0.43  -3.06
f     25     73     99    124    129    144    146    162    157     69
d    73   1101  54.233  52.663   2.198    10516  54.460  54.301   0.226
e   0.51   2.38   3.66   1.18   2.37   2.35   4.43   3.76   2.02  -2.48
f     34     77     91    105    134    133    145    141    146     95
d    74   1111  57.137  55.376   2.575    10517  54.462  54.273   0.268
e   1.81   7.79   4.36   0.68  -1.71  -0.32   4.92   3.43   3.23   0.91
f     35     75     92    102    125    135    144    153    165     85
d    75   1106  51.073  48.282   3.704    10517  54.462  54.150   0.443
e  26.40   3.96   3.01   2.49   3.03   5.55   1.93   1.35   3.96   2.26
f     39     78     95    118    131    135    145    150    137     78
d    76   1135  55.730  54.024   2.441    10517  54.462  54.283   0.253
e   3.08   1.13   3.59   0.92   2.56  -0.15   0.42   1.54   5.00   6.05
f     52     78     95    102    119    133    150    164    160     82
d    77   1117  49.936  47.820   2.779    10516  54.466  54.239   0.322
e   3.24   0.65   0.23   2.80  -1.03   2.66   6.54   4.35   4.79   0.55
f     43     75     96    114    132    132    138    154    157     76
d    78   1134  49.150  47.018   2.773    10516  54.433  54.208   0.319
e   6.28   5.80  -2.20   2.84   3.69   0.99   3.37  -0.01   5.33   5.57
f     27     74    102    110    121    142    166    155    159     78
d    79   1067  55.445  53.277   3.077    10517  54.462  54.271   0.271
e   2.79   3.50   6.04   1.72   5.19   3.17   0.95   0.55   5.61   1.31
f     27     82     88    109    125    142    132    148    139     75
d    80   1128  58.170  57.607   0.846    10516  54.484  54.449   0.050
e   4.26   2.91  -0.34  -1.28  -1.05  -0.28   0.78  -0.75   2.31   5.26
f     33     71     97    124    117    132    161    154    154     85
d    81   1120  52.150  51.327   1.124    10517  54.462  54.337   0.177
e   4.47   3.83   1.71   4.32   1.32   1.27   2.48  -0.24   1.19  -4.70
f     38     83     93    113    135    138    140    150    144     86
d    82   1138  55.668  54.228   2.062    10517  54.462  54.298   0.232
e   1.64   4.16   2.31   2.66   0.79   1.11   3.01   1.43   2.33   2.74
f     38     73    103    114    134    132    140    150    172     82
d    83   1059  53.619  51.965   2.292    10512  54.456  54.322   0.190
e -11.55   4.86   0.35   2.40   1.60   2.76   1.72   0.82   2.30   9.94
f     36     75     89    108    119    138    146    147    132     69
d    84   1122  50.885  49.565   1.766    10513  54.475  54.316   0.227
e  10.88   0.02   3.13   3.10   2.08   0.88   0.06   5.84   0.15  -1.72
f     45     75     96    117    128    129    148    143    157     84
d    85   1103  56.035  54.767   1.829    10515  54.460  54.382   0.111
e   1.11  -6.07   3.67   1.77   0.95   5.16   0.83   3.69  -0.80   6.89
f     43     78     91    118    116    143    145    152    138     79
d    86   1095  51.235  48.766   3.291    10513  54.462  54.235   0.322
e  11.52   4.46   2.58   3.13   0.77   3.52   0.19   4.56   2.92   7.27
f     40     73     95    114    124    132    140    146    158     73
d    87   1091  53.991  52.044   2.707    10514  54.468  54.293   0.248
e   4.65   2.30   2.34   3.90   2.68   6.49   1.06   1.05   1.98   3.80
f     37     79     86    115    115    145    138    144    149     83
d    88   1119  55.254  55.054   0.287    10516  54.460  54.433   0.038
e   4.72   2.88   2.31   0.48  -5.32   4.49  -0.62  -0.97   0.44   0.84
f     44     75    100    112    129    120    150    149    154     86
d    89   1047  51.260  47.933   4.411    10511  54.471  53.938   0.755
e   3.61   4.43   3.21   6.50   3.94   6.01   6.22   2.95   3.62   3.30
f     36     70     84    111    107    143    129    163    134     70
d    90    717  51.507  48.145   4.471    10516  54.464  54.222   0.343
e   5.99   9.01   1.68  -4.86   5.76   6.87   2.93   8.16   2.54   8.85
f     22     48     66     68     87     80     88     91    113     54
d    91   1025  54.665  52.602   2.895    10511  54.441  54.233   0.295
e   1.93   7.64   4.17   1.59   1.98   3.73   2.83   2.85   3.11  -0.98
f     34     70     89     93    119    132    136    149    131     72
d    92   1067  45.826  43.976   2.317    10514  54.457  54.048   0.580
e   5.21   0.84  -0.26   3.43   3.93   3.66   5.01   1.75   2.62  -1.29
f     40     69     91    120    125    128    117    147    155     75
d    93   1116  57.184  55.837   1.979    10514  54.332  54.225   0.153
e   6.68   5.16  -5.50   5.14   4.97   1.59   4.80   2.26  -0.26  -1.05
f     37     74    102    105    115    144    158    160    147     74
d    94   1067  54.177  52.296   2.625    10513  54.488  54.261   0.323
e   7.30   2.05   4.98   1.83   6.61  -1.98  -4.58   6.02  -0.22  10.21
f     43     80     84    114    129    122    127    147    147     74
d    95   1114  54.233  51.881   3.273    10516  54.449  54.211   0.339
e   4.42   6.54   1.99   2.95   4.92   3.18   3.50   1.65   0.59   9.74
f     34     82     96    124    119    149    147    134    149     80
d    96   1086  51.993  51.370   0.849    10513  54.149  54.069   0.113
e   3.67   1.66   1.13   2.41   3.01  -1.63   1.43   0.64  -1.89   4.34
f     41     72     89    109    120    133    132    166    150     74
d    97   1110  55.856  53.818   2.913    10514  54.160  54.005   0.219
e  -2.90   1.59   3.34   0.74   1.57   1.61   1.56   4.41   3.65   8.63
f     44     73     97    120    126    127    148    140    148     87
d    98   1119  55.074  53.748   1.883    10513  54.327  54.206   0.172
e   6.71   3.38   4.54   3.16  -0.25   1.46   1.08   0.66   0.49   4.25
f     41     76     89    113    121    141    148    153    156     81
d    99   1085  51.140  49.613   2.046    10517  54.462  54.295   0.237
e   1.55   0.50   3.63   3.11   5.69   2.84   1.75   2.41  -2.44   5.37
f     35     78    103    111    132    134    129    138    153     72
d   100   1143  54.483  52.161   3.245    10516  54.484  54.254   0.327
e  -1.24   4.34   3.17   0.51   2.10   1.03   3.74   4.88   3.41   7.17
f     42     78     92    113    116    137    158    155    159     93
d   101   1119  51.101  49.884   1.633    10514  54.418  54.317   0.143
e  -3.42   3.87  -2.48   1.83   1.27   1.54   2.88   2.26  -1.38  11.03
f     38     75     99    123    126    143    138    140    159     78
d   102   1121  49.115  48.363   0.987    10515  54.431  54.277   0.218
e   3.96   2.14   6.53   2.52   0.11   3.56   1.37   4.53  -0.42  -8.88
f     23     88     84    109    127    132    160    154    153     91
d   103   1093  57.965  56.598   2.035    10516  54.466  54.335   0.186
e   2.86   2.88   0.20   2.19   4.00   2.48   3.35   0.51   2.26   0.72
f     34     73     99    108    117    141    134    158    150     79
d   104   1140  53.439  51.701   2.402    10513  54.369  54.181   0.268
e   2.30   0.83   2.37   3.66   3.63   1.75   2.31   3.88   2.54  -1.07
f     46     66    106    109    142    129    143    157    158     84
d   105   1121  50.854  50.000   1.146    10515  54.345  54.255   0.128
e   1.83  -3.78  -3.02   2.07   3.47   3.76   1.44   1.54   1.34   2.19
f     47     83     88    117    117    142    144    148    152     83
d   106   1105  55.878  55.452   0.617    10516  54.452  54.419   0.047
e  -6.12   0.59   2.44   0.30  -3.99   1.18   4.13   3.09  -1.01   3.86
f     37     63     88    118    139    133    140    144    160     83
d   107   1074  55.427  54.487   1.347    10516  54.460  54.378   0.116
e   2.44  -7.14   3.77   4.89   1.47   1.49   3.51   1.57   2.47  -2.59
f     33     78     99     98    127    124    139    147    145     84
d   108   1147  55.175  54.018   1.648    10516  54.463  54.332   0.186
e   2.15   4.12   4.88   2.79   1.20   3.98   4.75  -0.42  -1.12  -0.90
f     34     84    100    111    128    147    144    143    170     86
d   109   1089  48.034  43.785   5.381    10517  54.462  53.618   1.192
e  -0.21   6.37   3.27  22.17   6.45   4.49   1.40   4.13  -0.56  -0.27
f     42     64     84    121    121    136    140    160    138     83
d   110   1093  52.082  50.518   2.121    10517  54.462  54.293   0.240
e   5.66  -5.19   2.01   3.33   1.08   1.55   3.20   3.21   4.02   3.12
f     36     80     90    113    125    126    136    151    160     76
d   111   1173  55.431  54.032   1.998    10516  54.464  54.317   0.209
e   4.36   1.34   1.84   2.77   6.50   2.88   2.78   2.53  -0.02  -1.80
f     46     78    103    119    124    149    163    149    151     91
d   112   1072  52.193  49.747   3.304    10517  54.462  54.211   0.356
e   6.14   5.45   5.76   4.91   1.17   5.37   5.71   0.84   1.72   3.13
f     33     68     90    113    126    132    121    147    161     81
d   113   1123  56.759  55.453   1.905    10516  54.464  54.311   0.217
e   2.37   2.46   5.17   1.06   1.54   4.76   2.46   2.34  -1.98   3.96
f     38     71    100    109    147    132    139    159    134     94
d   114   1090  49.382  49.214   0.222    10516  54.463  54.368   0.135
e   2.36  -0.55   0.56   2.80   4.11   1.71  -0.57   1.03   2.28 -13.97
f     39     85     85    106    112    137    147    149    162     68
d   115   1115  52.780  51.901   1.210    10517  54.462  54.288   0.247
e   1.33   1.02   4.53   3.69   1.47   4.69   3.81   2.56   2.47 -13.19
f     44     74    102    121    126    132    141    145    144     86
d   116   1095  54.850  52.960   2.665    10516  54.460  54.283   0.251
e   5.64   4.43   5.71   4.69   0.77   1.90   0.50   5.06   1.54   0.50
f     37     60     90    100    130    148    145    158    138     89
d   117   1095  54.792  54.335   0.650    10517  54.462  54.383   0.113
e   5.08   5.33   1.99   1.04   2.20   2.94   1.85   1.56  -1.71  -8.36
f     33     94     87    127    114    118    141    152    159     70
d   118   1137  55.154  53.664   2.117    10516  54.463  54.283   0.255
e   3.69   4.46   2.75   4.55   2.91   3.30   3.45   0.94   0.40  -0.38
f     43     71    117    111    125    143    147    148    136     96
d   119   1053  50.460  49.987   0.631    10514  54.477  54.404   0.103
e   4.31   3.85   2.91  -1.06   2.72   2.66   2.16  -1.41  -1.28  -3.21
f     34     69     74    111    135    132    139    151    135     73
d   120   1060  60.143  58.714   2.209    10515  54.485  54.357   0.181
e   6.17   1.03   3.14   3.23   3.07   4.16   1.04   1.17   0.25   5.52
f     41     71    101    114    105    122    146    133    141     86
d   121   1148  52.272  51.302   1.325    10517  54.462  54.334   0.182
e  -1.73   3.94   0.27   3.17   1.57   0.63  -2.04   3.62   2.52  -3.01
f     33     83     96    120    143    133    147    164    154     75
d   122   1080  58.597  58.269   0.498    10517  54.462  54.460   0.002
e   3.89  -3.89   3.49   0.10   4.63   2.53  -0.20   1.26  -1.37  -3.81
f     35     74     98    104    124    131    142    140    148     84
d   123   1085  60.759  59.574   1.857    10516  54.477  54.356   0.173
e   4.38   1.33   5.29   0.18   1.76   3.34   2.25   3.07  -0.25   1.72
f     39     70    101    113    121    134    126    143    154     84
d   124   1103  53.758  52.860   1.254    10516  54.510  54.395   0.163
e   4.09  -1.64  -0.03   5.19   1.56   1.22   3.46   0.02   2.19  -1.87
f     37     73     77    118    140    152    137    146    140     83
d   125   1069  54.915  52.656   3.177    10514  54.469  54.238   0.328
e   3.62   4.08   4.38   3.72  -0.85   5.37   3.77   1.65   4.36   3.31
f     39     84     86    106    113    125    143    148    143     82
d   126   1131  55.193  53.875   1.875    10512  54.328  54.208   0.171
e  -0.42  -1.02   2.37   0.07   5.73   3.17   2.54   1.27   0.55   3.39
f     34     71    114    118    129    137    136    148    163     81
d   127   1087  53.052  51.258   2.464    10512  54.478  54.297   0.256
e  10.68   2.88   3.79   2.71  -0.43  -0.28   2.98   1.24   3.18   7.10
f     39     84     92     97    130    128    135    153    148     81
d   128   1075  50.285  49.020   1.680    10511  54.505  54.385   0.171
e   4.93   7.41   2.32   1.12   2.56   4.56   1.64  -0.10  -0.80  -0.16
f     28     69     84    127    121    133    150    153    125     85
d   129    973  49.862  48.836   1.357    10514  54.456  54.324   0.188
e   2.07   3.43   1.28   2.10   5.40   0.94   0.95   2.57  -0.50  -1.56
f     36     61     88     94    112    114    120    137    140     71
d   130   1062  49.734  49.122   0.810    10511  54.396  54.308   0.125
e  -3.65   1.97   1.69   2.26   0.39   1.92   0.44  -0.07   0.86   0.54
f     30     67     90    102    122    128    147    149    152     75
d   131   1130  50.122  47.654   3.241    10510  54.496  54.256   0.340
e   1.77   2.39   7.58   2.14   3.35   4.26   3.97   0.93   2.75   5.67
f     42     80    103    135    124    125    146    155    138     82
d   132   1034  52.295  51.647   0.888    10512  54.473  54.393   0.114
e   3.69   4.69  -0.25   1.23   1.80   3.17  -0.01   1.17  -0.45  -1.80
f     35     61     93     92    113    134    143    147    146     70
d   133   1145  43.815  42.469   1.654    10508  54.506  54.395   0.158
e   5.51   1.13   2.39   1.24   1.53   0.96   2.31   0.53   1.14   4.80
f     35     83     83    120    141    138    143    165    152     85
d   134   1069  51.170  49.460   2.289    10510  54.466  54.325   0.200
e  -1.19   3.68   1.30   0.88  -0.20   0.04   2.55   2.43   3.55   6.97
f     41     74     93    110    111    131    137    153    145     74
d   135   1141  52.412  51.562   1.164    10509  54.534  54.466   0.097
e   2.67  -1.88   1.07   2.33   0.75   1.32   3.12  -0.02  -0.48   6.05
f     37     74    104    124    129    143    145    156    156     73
d   136   1051  51.174  49.363   2.422    10507  54.252  54.112   0.198
e   3.16   0.20   2.33   0.40   1.95   1.50   2.45   1.85   1.60  11.49
f     29     75     85    103    121    130    144    144    152     68
d   137   1104  49.889  48.913   1.291    10510  54.466  54.345   0.171
e   3.17   6.36   1.73   3.01   0.28   0.86   1.60   4.61  -5.73   6.29
f     36     77     87    101    132    142    139    156    158     76
d   138   1099  57.586  56.415   1.733    10509  54.453  54.346   0.153
e   0.04   4.56   1.58   2.37   2.70  -2.73   0.09   2.24   1.28   6.71
f     42     72     92    121    127    128    154    152    141     70
d   139   1125  50.565  48.965   2.127    10511  54.417  54.311   0.152
e  -5.51  -1.25   1.35  -0.30   3.63   1.48   0.46  -0.94   3.99  11.54
f     35     77     93    110    122    138    150    154    156     90
d   140   1079  54.082  52.829   1.754    10510  54.483  54.346   0.195
e  -1.63   4.34   3.37   0.27   2.45  -1.51  -2.89   3.18   4.20   4.20
f     37     66     96    109    126    131    142    150    146     76
d   141   1106  53.469  51.361   2.906    10513  54.458  54.276   0.258
e   2.46   3.75   0.47   3.03  -0.22   4.10   2.26   2.48   2.70   8.28
f     33     71     93    112    110    146    134    160    163     84
d   142   1098  49.146  48.107   1.360    10509  54.176  54.075   0.143
e   2.30  -0.61   3.06  -0.56   2.62   1.10   3.18   0.96   1.39  -0.31
f     36     72     95    105    135    129    157    147    145     77
d   143   1088  48.332  46.346   2.559    10511  54.481  54.351   0.186
e   1.60  -1.50  -0.01   2.64   0.68   0.26   2.42   1.77   1.77  14.57
f     28     66     89    112    113    142    139    152    165     82
d   144   1100  49.671  48.640   1.360    10511  54.475  54.412   0.091
e   4.74  -1.27  -1.14  -0.05   0.31   2.91   0.43  -3.40   3.82   8.64
f     43     76     85    121    130    131    151    140    149     74
d   145   1179  54.772  52.150   3.671    10511  54.150  53.855   0.417
e   3.32   8.89   3.10   4.70   3.27   1.56   2.29   3.57   2.59   7.42
f     36     82    100    110    117    146    159    167    168     94
d   146   1074  55.871  54.882   1.426    10515  54.463  54.375   0.125
e   0.69  -1.46   2.03   1.80  -0.92   2.31   3.01   1.14   1.99   2.79
f     29     77     97    110    134    137    129    136    145     80
d   147   1151  51.384  50.515   1.175    10511  54.128  54.017   0.157
e -19.24  -0.97  -0.09   0.61   0.54   3.21  -0.00   3.70   2.22   5.21
f     44     74    108    107    124    128    157    171    160     78
d   148   1064  59.347  58.081   1.932    10515  54.366  54.249   0.166
e   1.11   2.31   3.85   2.50   0.26   1.05   3.44  -1.03   2.78   5.30
f     30     75     74    119    126    146    122    141    136     95
d   149   1144  53.275  52.165   1.537    10514  54.440  54.333   0.153
e   3.29   2.54  -0.74   4.37   0.06   0.64   3.47   3.40  -3.49   8.50
f     36     68    106    100    119    133    164    149    176     93
d   150   1052  53.518  51.588   2.666    10514  54.367  54.197   0.242
e   2.69   5.46   3.77   2.67   1.46   2.06   3.00   1.30   0.76   7.81
f     32     58     93    116    132    127    134    141    136     83
d   151   1118  53.705  52.278   1.984    10516  54.463  54.349   0.162
e   0.79   0.40   1.90   3.07   2.81   2.90   2.71  -0.09  -0.33   7.20
f     35     76     96    114    117    144    145    153    149     89
d   152   1078  52.417  51.799   0.849    10516  54.468  54.417   0.073
e  -1.76   3.85   3.47  -1.05   2.52   2.39  -0.30  -0.34  -2.66   9.09
f     37     63     88    107    127    122    141    145    161     87
d   153   1080  55.616  53.859   2.509    10513  54.199  54.046   0.216
e  -5.97   2.67   4.53   2.30   1.57   0.76   1.56   3.72   2.34   5.43
f     40     74     92    114    124    133    139    141    140     83
d   154   1116  50.145  48.730   1.873    10515  54.308  54.161   0.208
e  -1.02   3.69   1.09   2.81   1.39   3.01   2.18  -0.43   2.06   3.31
f     36     67     84    107    121    135    149    159    164     94
d   155   1094  52.486  50.546   2.640    10517  54.462  54.308   0.218
e   4.80   5.45   3.79   2.39   1.85   2.36   0.32   1.69   0.54   8.59
f     34     87     96    112    133    125    132    140    156     79
d   156   1130  56.794  55.486   1.910    10517  54.462  54.328   0.190
e   1.86   2.14   3.72   1.38   1.87   3.70   0.42   0.77   0.53   6.02
f     34     83    105    115    115    144    146    154    157     77
d   157   1085  57.147  56.353   1.171    10517  54.462  54.408   0.076
e   0.22  -0.97   3.47   0.88   2.99   3.86  -0.06   0.50  -2.74   8.27
f     37     80     97    106    122    114    135    149    156     89
d   158   1096  51.601  51.710  -0.149    10517  54.462  54.446   0.022
e   5.13  -4.99   0.45  -2.62   0.11   1.99   0.29   2.02  -2.30   2.07
f     34     63     86    112    130    147    148    149    148     79
d   159   1094  49.113  47.445   2.175    10515  54.475  54.373   0.145
e  -0.70  -1.99   3.26   1.13  -2.15   1.34   2.30   2.69   0.08  12.55
f     51     63     91    117    113    130    135    135    162     97
d   160   1083  52.960  50.966   2.731    10517  54.462  54.277   0.262
e   7.44   1.81   0.66   1.43   1.84   3.62   1.98   0.65   2.97   9.41
f     32     83     99    105    120    127    152    139    144     82
d   161   1091  52.988  52.257   1.012    10517  54.462  54.366   0.136
e   2.23   3.20   0.44   2.91   2.09   2.50   2.33   0.10  -1.32  -0.17
f     34     72    101    113    130    133    127    144    148     89
d   162   1087  52.929  51.579   1.857    10516  54.434  54.272   0.230
e  -2.85   0.02   7.81   0.54   2.59   6.02   1.46   2.32   0.16   0.57
f     39     84     80    118    113    121    149    159    142     82
d   163   1061  54.284  52.524   2.462    10514  54.397  54.273   0.177
e  10.54   0.98   1.44   2.50   2.10   2.39  -0.20   1.53   0.53  11.37
f     33     72     85    122    132    140    122    134    143     78
d   164   1089  50.495  50.209   0.383    10515  54.459  54.422   0.053
e  -3.63  -6.73   0.25   1.14   0.15   3.60   1.23  -1.33   3.53  -1.80
f     32     73    108     99    132    128    148    149    146     74
d   165   1083  55.092  53.508   2.247    10515  54.429  54.336   0.132
e   3.92  -7.27  -1.01   3.85   2.17  -0.92   3.85   3.52   2.09  10.41
f     42     76     88    128    116    139    132    126    152     84
d   166   1099  54.824  52.799   2.849    10516  54.281  54.123   0.224
e   0.07  -4.05  -0.36   1.46   2.44   5.40   4.45   0.51   4.42   8.74
f     36     70     94    101    138    141    143    161    142     73
d   167   1068  51.919  51.484   0.593    10517  54.462  54.421   0.059
e   1.86   1.45  -0.33   0.77  -1.78   2.82  -0.70   1.66  -0.10   3.19
f     37     72    103    111    130    122    138    135    151     69
d   168   1095  51.702  50.166   2.074    10514  54.149  53.995   0.217
e   3.79  -1.40  -2.20   1.58   2.63   3.35   1.07   4.02   1.81   5.98
f     41     72     93    105    118    138    139    159    146     84
d   169   1119  51.572  50.463   1.500    10515  54.457  54.330   0.181
e  -0.14  -2.68   4.43   1.47   2.33   2.33   1.02   2.76   0.16   2.39
f     33     75     88    135    132    137    136    144    150     89
d   170   1095  53.243  51.840   1.938    10514  54.367  54.240   0.180
e   2.86   2.81   1.34   0.52   0.15   2.27   1.38   0.76   3.11   5.21
f     40     80     88    106    112    138    148    145    156     82
d   171   1124  50.834  49.569   1.691    10515  54.317  54.218   0.140
e   3.17  -3.45  -0.53   3.91   1.22   3.56   2.11  -0.28  -0.49  10.55
f     37     82    112    101    123    148    138    159    133     91
d   172   1099  46.620  44.709   2.414    10515  54.310  54.130   0.255
e   7.02   5.92  -1.26   4.08   1.48   1.22   0.90   2.55   2.54   5.45
f     36     64     95    113    134    126    152    141    159     79
d   173   1094  51.491  49.962   2.060    10515  54.431  54.357   0.105
e  -1.83  -1.17  -4.07  -0.18   3.77   2.47   1.09   3.65   0.26  13.97
f     35     83     75    127    122    147    136    138    156     75
d   174   1063  53.179  52.408   1.069    10515  54.355  54.286   0.098
e   3.80  -1.37  -0.89   1.85   0.83   4.90   2.13   1.17   0.86  -0.29
f     32     81     89    107    118    129    132    149    142     84
d   175   1098  52.341  51.001   1.828    10515  54.446  54.341   0.149
e   2.44   3.48   1.35  -0.42   0.38   2.82   1.00   1.73   1.10   6.51
f     47     70     98     94    135    131    142    148    152     81
d   176   1091  49.622  48.424   1.577    10513  54.028  53.951   0.108
e   5.27   0.12  -2.31   1.61   0.51   0.08   2.18   2.06  -0.19  10.00
f     34     69    105    121    124    138    130    146    152     72
d   177   1080  54.703  54.783  -0.114    10515  54.107  54.102   0.007
e  -1.44   1.36   3.44   2.46  -1.02  -0.81   2.76  -1.64  -2.24  -0.97
f     37     77     99    108    115    137    143    142    146     76
d   178   1064  49.389  48.779   0.804    10513  54.359  54.299   0.084
e   4.27   2.39  -5.81   2.04   4.23  -1.78   1.89   1.36   1.35  -2.31
f     44     81     91    106    119    120    133    146    143     81
d   179   1010  50.111  48.104   2.645    10514  54.338  54.133   0.291
e   2.75   0.49  -0.33   5.69   2.44   0.99   0.22   2.54   5.19   4.53
f     26     68     67    104    130    133    131    132    147     72
d   180    842  48.089  48.121  -0.042    10514  54.418  54.390   0.040
e  -5.83 -10.32   3.17   0.25   0.94  -2.79  -0.71   1.79   2.95   0.52
f     31     48     75     81     99    100    107    124    115     62
