xdscc12 KD 2017-01-12. Academic use only; no redistribution. -h option shows options.
Please cite Assmann, G., Brehm, W., Diederichs, K. (2016) J.Appl.Cryst. 49, 1021-1028
 option -w found: weighting switched off
 option -z found: no Fisher transform of delta-CC1/2 values
 
reflection file is insulin_XDS_ASCII.HKL
!OSCILLATION_RANGE=  1.000000
!SPACE_GROUP_NUMBER=  197
!UNIT_CELL_CONSTANTS=    78.080    78.080    78.080  90.000  90.000  90.000
 # of frames=         180
 # obs (w/o misfits), unique, misfits =      218239       11643        5183
 max and min resolution of data in file =   39.04000       1.549865    
 data between   39.04000      and   1.549865     A will be used
 10 resolution shells (for lines starting with b,c,e,f,s):
  4.867  3.455  2.824  2.448  2.190  2.000  1.852  1.732  1.634  1.550
 
 overall CC1/2:    99.979 nref=   11617 (but the overall CC1/2 is meaningless!)
 <CC1/2>:    99.304 (average of CC1/2 in resolution shells)
 CC1/2 in resolution shells:
 100.0 100.0 100.0 100.0 100.0 100.0  99.9  99.9  99.7  95.6
 CC* in resolution shells:
 100.0 100.0 100.0 100.0 100.0 100.0 100.0 100.0  99.9  98.9
 unique reflections in resolution shells:
    401    705    878   1045   1174   1285   1391   1508   1594   1636
 
 headings for lines starting with a,b,c:
a:  <CC1/2> of each frame:
a:   reflections of this frame only       reflections of all frames
a: frm   nref    with without   delta     nref    with without   delta
b: delta-CC1/2 in resolution shells
c: # reflections for delta-CC1/2
a     1    750  99.716  99.654   0.062    11616  99.305  99.301   0.003
b   0.00   0.00   0.00   0.00   0.00  -0.00   0.00   0.01   0.03   0.77
c     19     46     69     82     83     89     98    102    108     54
a     2   1048  99.717  99.655   0.062    11615  99.305  99.298   0.006
b   0.00   0.00   0.00   0.00   0.00   0.00   0.00   0.01   0.03   0.78
c     39     71     96    100    124    122    128    139    154     75
a     3   1067  99.798  99.737   0.061    11616  99.308  99.298   0.010
b   0.00   0.00   0.00   0.00   0.00   0.00   0.00   0.00   0.02   0.79
c     40     72     77    110    118    142    140    150    141     77
a     4   1143  99.718  99.641   0.078    11617  99.304  99.295   0.009
b   0.00   0.00   0.00   0.00   0.01   0.00   0.00   0.01   0.02   1.00
c     44     88     98    122    120    139    142    149    159     82
a     5   1139  99.737  99.635   0.102    11617  99.304  99.292   0.012
b   0.00   0.00   0.00   0.00   0.00   0.00   0.00   0.01   0.04   1.26
c     46     66    105    119    124    142    140    160    151     86
a     6   1139  99.607  99.475   0.132    11616  99.307  99.292   0.016
b  -0.00   0.00   0.00   0.00   0.00   0.00   0.00   0.01   0.02   1.67
c     42     81    103    117    141    133    135    148    152     87
a     7   1133  99.625  99.557   0.068    11616  99.306  99.301   0.005
b   0.00   0.00   0.00   0.00   0.00   0.00   0.00   0.01   0.03   0.82
c     34     76     89    111    123    146    149    158    163     84
a     8   1110  99.518  99.443   0.075    11616  99.303  99.299   0.004
b   0.00   0.00   0.00   0.00   0.00   0.00   0.01   0.01   0.02   0.86
c     44     81     96    104    124    129    139    145    159     89
a     9   1168  99.769  99.730   0.039    11616  99.304  99.300   0.004
b   0.01  -0.00   0.00   0.00   0.00   0.00   0.00   0.01   0.03   0.50
c     41     76     99    128    143    145    142    153    166     75
a    10   1154  99.777  99.735   0.042    11617  99.304  99.299   0.005
b   0.00  -0.00   0.00   0.00   0.00   0.00   0.00   0.01   0.03   0.51
c     34     88    105    117    124    142    151    151    160     82
a    11   1139  99.706  99.607   0.099    11616  99.304  99.295   0.010
b   0.00   0.00   0.00   0.00   0.00   0.00   0.01   0.01   0.03   1.08
c     42     83     94    111    122    132    139    161    157     98
a    12   1229  99.711  99.657   0.053    11617  99.304  99.300   0.004
b   0.00   0.00   0.00   0.00   0.00   0.00   0.00   0.00   0.04   0.61
c     50     80    112    135    140    144    164    157    155     92
a    13   1141  99.687  99.619   0.068    11616  99.304  99.299   0.005
b   0.00   0.00  -0.00   0.00   0.00   0.01   0.00   0.00   0.03   0.85
c     39     82    108    110    128    147    137    149    159     82
a    14   1143  99.752  99.718   0.034    11617  99.304  99.301   0.003
b   0.00   0.00  -0.00   0.00   0.00   0.00   0.00   0.01   0.03   0.36
c     42     82     97    111    128    123    164    155    156     85
a    15   1156  99.717  99.649   0.067    11617  99.304  99.299   0.005
b   0.00   0.00   0.00   0.00   0.00   0.00   0.01   0.01   0.02   0.81
c     45     69    104    126    146    154    128    149    146     89
a    16   1142  99.813  99.791   0.022    11616  99.304  99.301   0.003
b   0.00   0.00   0.00   0.00   0.00   0.00   0.01   0.01   0.03   0.24
c     38     74    100    127    122    128    163    158    157     75
a    17   1107  99.754  99.701   0.053    11617  99.304  99.299   0.005
b   0.00   0.00   0.00   0.00   0.00   0.00   0.00   0.01   0.02   0.60
c     34     79     97    105    133    132    129    152    160     86
a    18   1183  99.831  99.799   0.032    11617  99.304  99.299   0.005
b   0.00   0.00   0.00   0.01   0.00   0.00   0.01   0.01   0.02   0.35
c     44     76     90    133    132    137    159    163    164     85
a    19   1158  99.744  99.712   0.032    11617  99.304  99.301   0.003
b   0.00   0.00   0.00   0.00   0.00   0.00   0.01   0.01   0.03   0.27
c     46     83    101    120    124    135    131    158    155    105
a    20   1147  99.653  99.579   0.074    11617  99.304  99.300   0.004
b   0.00   0.00   0.00   0.00   0.00   0.00   0.00   0.01   0.03   0.99
c     33     77    104    106    137    155    158    153    146     78
a    21   1173  99.732  99.706   0.026    11617  99.304  99.302   0.002
b   0.00   0.00   0.00   0.00   0.00   0.00   0.00   0.01   0.03   0.27
c     48     79    108    129    121    137    149    161    157     84
a    22   1112  99.769  99.738   0.030    11617  99.304  99.301   0.003
b   0.00   0.00   0.00   0.00   0.00   0.00   0.00   0.01   0.02   0.34
c     41     73     99    114    128    136    151    140    152     78
a    23   1189  99.823  99.805   0.018    11617  99.304  99.302   0.002
b   0.00   0.00   0.00   0.00   0.00   0.00   0.01   0.01   0.03   0.14
c     39     81    111    111    128    142    165    158    170     84
a    24   1136  99.787  99.751   0.035    11617  99.304  99.300   0.004
b   0.00   0.00   0.00   0.00   0.00   0.00   0.00   0.01   0.03   0.41
c     40     84    104    122    127    132    140    155    153     79
a    25   1155  99.795  99.759   0.035    11617  99.304  99.300   0.004
b   0.00   0.00   0.00   0.00   0.00   0.00   0.01   0.01   0.02   0.41
c     38     72     95    111    125    151    159    166    153     85
a    26   1170  99.805  99.794   0.010    11617  99.304  99.302   0.001
b   0.00   0.00   0.00   0.00   0.00   0.00   0.00   0.01   0.02   0.08
c     47     81    105    126    137    133    148    160    152     81
a    27   1146  99.668  99.612   0.056    11617  99.304  99.300   0.004
b   0.00   0.00   0.00   0.00   0.02   0.00   0.00   0.01   0.02   0.59
c     37     72    100    118    122    139    155    151    156     96
a    28   1191  99.797  99.772   0.025    11617  99.304  99.301   0.003
b   0.00   0.00   0.00   0.00   0.00   0.00   0.00   0.01   0.02   0.28
c     44     83    100    111    138    141    155    159    174     86
a    29   1132  99.658  99.604   0.054    11617  99.304  99.301   0.003
b   0.00   0.00   0.00   0.00   0.00   0.00   0.00   0.00   0.02   0.69
c     44     81     94    121    141    133    142    156    140     80
a    30   1182  99.742  99.719   0.023    11617  99.304  99.302   0.002
b   0.00   0.00   0.00   0.00   0.00  -0.00   0.00   0.01   0.02   0.26
c     43     69    104    126    128    146    153    163    167     83
a    31   1113  99.780  99.750   0.030    11616  99.307  99.303   0.004
b   0.00   0.00   0.00   0.00   0.00   0.00   0.00   0.01   0.02   0.30
c     40     83     87    110    139    150    142    129    142     91
a    32   1242  99.820  99.800   0.019    11616  99.304  99.301   0.003
b   0.00   0.00   0.00   0.00   0.00   0.00   0.00   0.01   0.02   0.20
c     51     87    112    117    136    149    158    175    164     93
a    33   1121  99.623  99.559   0.064    11617  99.304  99.300   0.004
b   0.00   0.01   0.00   0.00   0.00   0.00   0.00   0.01   0.02   0.75
c     36     67    108    116    122    147    143    147    148     87
a    34   1172  99.740  99.689   0.052    11616  99.304  99.298   0.006
b   0.00   0.00   0.00   0.00   0.00   0.00   0.00   0.01   0.01   0.59
c     47     80    102    116    142    124    156    162    150     93
a    35   1139  99.734  99.667   0.067    11617  99.304  99.296   0.008
b   0.00   0.01   0.00   0.00   0.00   0.00   0.00   0.01   0.02   0.96
c     35     72    102    121    132    154    137    148    164     74
a    36   1187  99.716  99.605   0.111    11617  99.304  99.288   0.016
b   0.00   0.00   0.00   0.00   0.00   0.00   0.01   0.01   0.02   1.32
c     47     79     94    107    145    138    149    166    167     95
a    37   1157  99.674  99.574   0.100    11617  99.304  99.291   0.013
b   0.00   0.00   0.00   0.00   0.00   0.00   0.00   0.01   0.01   1.33
c     38     82     94    122    128    146    163    152    149     83
a    38   1159  99.777  99.728   0.050    11617  99.304  99.298   0.006
b   0.00   0.00   0.00   0.00   0.01   0.00   0.00   0.00   0.02   0.60
c     44     72    101    123    119    132    141    167    174     86
a    39   1201  99.760  99.724   0.036    11615  99.304  99.301   0.004
b   0.00   0.00   0.00   0.00   0.00   0.00   0.00   0.01   0.03   0.44
c     47     79    109    106    143    148    175    154    158     82
a    40   1159  99.701  99.662   0.039    11615  99.304  99.299   0.005
b  -0.00   0.00   0.00   0.00   0.01   0.00   0.00   0.01   0.03   0.37
c     36     80    112    124    119    140    124    170    151    103
a    41   1190  99.659  99.580   0.079    11615  99.305  99.299   0.007
b   0.00   0.00   0.00   0.00   0.00   0.00   0.00   0.01   0.03   0.96
c     43     77    105    127    144    154    155    151    143     91
a    42   1179  99.694  99.630   0.064    11615  99.304  99.297   0.007
b   0.00   0.00   0.00   0.00   0.00   0.00   0.00   0.01   0.03   0.79
c     47     92     94    119    125    128    150    175    162     87
a    43   1146  99.377  99.216   0.160    11615  99.304  99.289   0.015
b   0.00   0.00   0.00   0.00   0.00   0.00   0.00   0.01   0.02   1.87
c     36     73     87    111    138    156    162    146    142     95
a    44   1148  99.428  99.252   0.176    11614  99.304  99.291   0.014
b  -0.00   0.00  -0.00   0.00   0.00   0.00   0.00   0.01   0.03   2.43
c     40     73    114    118    123    125    155    159    161     80
a    45   1211  99.594  99.521   0.073    11615  99.304  99.299   0.006
b   0.00   0.00   0.00   0.00   0.00   0.00   0.00   0.01   0.01   0.98
c     38     86    109    134    139    151    144    166    159     85
a    46   1154  99.599  99.518   0.082    11614  99.305  99.300   0.005
b   0.00   0.00   0.00   0.00   0.00   0.00   0.00   0.01   0.02   1.07
c     49     82     98    112    135    137    144    152    162     83
a    47   1164  99.742  99.672   0.070    11616  99.304  99.294   0.009
b  -0.00   0.00   0.00   0.02   0.00   0.00   0.00   0.01   0.02   0.86
c     49     83    100    116    129    137    150    163    152     85
a    48   1137  99.741  99.703   0.038    11613  99.304  99.301   0.004
b   0.00   0.00   0.00   0.00   0.00   0.00   0.00   0.01   0.02   0.46
c     31     88     86    120    125    144    152    163    146     82
a    49   1193  99.772  99.746   0.027    11614  99.305  99.303   0.003
b   0.00   0.00   0.00   0.00   0.00   0.00   0.00   0.01   0.03   0.27
c     51     77    113    125    140    151    142    162    143     89
a    50   1144  99.402  99.229   0.174    11615  99.304  99.296   0.008
b   0.00   0.00   0.00   0.00   0.00   0.00   0.00   0.01   0.02   2.57
c     36     76    108    119    138    127    156    154    155     75
a    51    854  99.764  99.736   0.028    11616  99.304  99.302   0.002
b  -0.01   0.00  -0.00   0.00   0.00   0.00   0.00   0.01   0.04   0.25
c     37     56     77     80     86    104    115    115    115     69
a    52   1168  99.763  99.730   0.033    11617  99.304  99.300   0.004
b   0.00  -0.00   0.00   0.00   0.00   0.00   0.00   0.01   0.02   0.38
c     38     71    104    140    132    144    140    161    153     85
a    53   1142  99.771  99.745   0.025    11617  99.304  99.301   0.003
b   0.00   0.00   0.00   0.00   0.00   0.00   0.00   0.01   0.02   0.27
c     42     78     97    105    144    134    161    150    145     86
a    54   1190  99.651  99.580   0.071    11616  99.305  99.298   0.007
b   0.00   0.00   0.00   0.00   0.00   0.00   0.00   0.01   0.02   0.84
c     47     92    101    124    127    152    143    159    151     94
a    55   1145  99.737  99.687   0.050    11617  99.304  99.298   0.006
b   0.01   0.00   0.00   0.00   0.00   0.00   0.00   0.01   0.02   0.65
c     41     78    117    109    128    126    156    153    159     78
a    56   1190  99.690  99.654   0.036    11617  99.304  99.301   0.003
b   0.00   0.00   0.00   0.00   0.00   0.00   0.00   0.01   0.03   0.37
c     41     85     78    128    146    149    153    159    153     98
a    57   1186  99.679  99.650   0.029    11616  99.304  99.302   0.002
b   0.00   0.00   0.00   0.00   0.00   0.00   0.00   0.01   0.02   0.35
c     39     86    112    122    122    155    142    165    165     78
a    58   1122  99.456  99.336   0.120    11617  99.304  99.294   0.009
b   0.01   0.00   0.00   0.00   0.00   0.00   0.00   0.01   0.03   1.35
c     53     60     92    112    131    136    142    154    147     95
a    59   1184  99.772  99.746   0.026    11617  99.304  99.302   0.002
b   0.00  -0.00   0.00   0.00   0.01   0.00   0.01   0.01   0.02   0.33
c     35     92    107    115    135    147    155    167    158     73
a    60   1222  99.602  99.528   0.075    11617  99.304  99.299   0.005
b   0.00   0.00   0.00   0.00   0.00   0.00   0.00   0.01   0.02   0.87
c     44     86    119    124    141    131    162    152    166     97
a    61   1156  99.648  99.616   0.032    11617  99.304  99.301   0.002
b   0.00   0.00   0.00   0.00   0.00   0.00   0.00   0.01   0.02   0.36
c     47     82     93    115    127    137    135    175    159     86
a    62   1177  99.707  99.658   0.048    11617  99.304  99.300   0.004
b   0.00   0.00   0.00   0.00   0.00   0.00   0.00   0.01   0.02   0.57
c     36     72     92    132    136    151    153    156    160     89
a    63   1171  99.686  99.660   0.026    11617  99.304  99.302   0.002
b   0.00   0.00   0.00   0.00   0.00   0.00   0.00   0.01   0.03   0.24
c     47     92    102    107    130    133    164    156    145     95
a    64   1179  99.700  99.667   0.032    11617  99.304  99.301   0.003
b   0.00   0.00   0.00   0.00   0.00   0.00   0.00   0.01   0.03   0.36
c     38     79    102    125    123    153    146    160    167     86
a    65   1171  99.799  99.762   0.036    11617  99.304  99.298   0.006
b   0.00   0.00   0.00   0.00   0.00   0.00   0.00   0.01   0.01   0.41
c     46     76     99    111    137    135    164    157    155     91
a    66   1152  99.745  99.715   0.030    11617  99.304  99.302   0.002
b   0.00   0.00   0.00   0.00   0.00   0.00   0.00   0.00   0.02   0.36
c     54     79    101    121    125    143    147    156    144     82
a    67   1194  99.718  99.691   0.027    11617  99.304  99.301   0.003
b   0.00   0.00   0.00   0.00   0.00   0.00   0.00   0.00   0.02   0.35
c     40     98    103    121    139    142    144    171    161     75
a    68   1152  99.787  99.766   0.021    11617  99.304  99.301   0.003
b   0.00   0.00   0.00   0.00   0.00   0.00   0.00   0.01   0.02   0.19
c     43     59     98    114    141    141    150    149    153    104
a    69   1173  99.775  99.736   0.039    11616  99.305  99.301   0.004
b   0.18   0.00   0.00  -0.01   0.00   0.00   0.00   0.01   0.02   0.45
c     34     81    101    118    116    162    162    164    155     80
a    70   1186  99.755  99.727   0.028    11617  99.304  99.301   0.003
b   0.00   0.00   0.00   0.00   0.00   0.00   0.00   0.01   0.02   0.30
c     48     82    101    114    147    142    156    152    155     89
a    71   1184  99.763  99.739   0.024    11617  99.304  99.302   0.002
b   0.00   0.00   0.00   0.00   0.00   0.00   0.00   0.00   0.02   0.25
c     53     90     96    123    126    128    154    166    158     90
a    72   1179  99.825  99.814   0.011    11617  99.304  99.303   0.001
b   0.00   0.00   0.00  -0.00   0.00   0.00   0.00   0.00   0.02   0.09
c     34     77    104    127    136    150    148    167    163     73
a    73   1152  99.610  99.538   0.072    11617  99.304  99.298   0.006
b   0.00   0.00   0.00   0.00   0.00   0.00   0.00   0.01   0.02   0.77
c     38     81     96    110    139    136    151    149    151    101
a    74   1167  99.707  99.676   0.031    11616  99.303  99.300   0.003
b   0.00   0.00   0.00   0.00   0.00   0.00   0.00   0.01   0.01   0.38
c     39     81    101    106    132    142    149    159    172     86
a    75   1157  99.792  99.785   0.007    11616  99.305  99.304   0.000
b   0.01   0.00   0.00   0.00   0.00   0.00   0.00   0.01   0.02   0.02
c     41     84    102    127    134    141    150    154    142     82
a    76   1194  99.826  99.812   0.014    11616  99.303  99.301   0.002
b   0.00   0.00   0.00   0.00   0.00   0.00   0.00   0.01   0.02   0.11
c     59     84    100    107    125    137    157    171    167     87
a    77   1165  99.675  99.653   0.022    11617  99.304  99.302   0.002
b   0.00   0.00   0.00   0.00   0.00   0.00   0.00   0.01   0.03   0.22
c     51     78    101    118    135    138    144    157    162     81
a    78   1190  99.649  99.620   0.029    11617  99.304  99.302   0.002
b   0.01   0.00   0.00   0.00   0.00   0.00   0.00   0.01   0.01   0.35
c     31     83    107    115    128    145    170    163    165     83
a    79   1117  99.733  99.713   0.020    11614  99.308  99.306   0.002
b   0.01   0.00   0.00   0.00   0.00   0.00   0.00   0.01   0.03   0.20
c     32     85     94    113    131    148    135    155    143     81
a    80   1179  99.609  99.549   0.060    11617  99.304  99.300   0.004
b  -0.00   0.00   0.00   0.00   0.00  -0.00   0.00   0.00   0.02   0.74
c     39     71    102    128    122    137    169    160    161     90
a    81   1181  99.724  99.682   0.042    11617  99.304  99.300   0.003
b   0.00   0.00   0.00   0.00   0.00   0.00   0.00   0.01   0.02   0.49
c     43     94    102    121    144    144    144    152    149     88
a    82   1185  99.722  99.681   0.041    11617  99.304  99.299   0.005
b   0.00   0.00   0.00   0.00   0.00   0.00   0.00   0.01   0.01   0.50
c     41     77    108    120    136    138    143    157    178     87
a    83   1106  99.735  99.715   0.020    11615  99.306  99.305   0.001
b   0.00   0.00   0.00   0.00   0.00   0.00   0.00   0.01   0.01   0.22
c     40     78     94    112    126    142    153    150    135     76
a    84   1187  99.832  99.810   0.022    11616  99.304  99.301   0.003
b   0.00   0.00   0.00   0.00   0.00   0.00   0.00   0.01   0.01   0.22
c     51     82    100    125    135    133    153    151    163     94
a    85   1149  99.694  99.676   0.017    11616  99.305  99.303   0.001
b   0.00   0.00   0.00   0.00   0.00   0.00   0.00   0.00   0.02   0.18
c     48     86     96    120    119    149    152    154    141     84
a    86   1159  99.800  99.756   0.044    11617  99.304  99.298   0.006
b   0.00   0.00   0.00   0.00   0.00   0.00   0.00   0.01   0.03   0.53
c     47     74    102    123    131    136    145    154    164     83
a    87   1152  99.651  99.582   0.070    11617  99.304  99.299   0.005
b  -0.02   0.00   0.00   0.00   0.00   0.00   0.00   0.01   0.02   0.81
c     46     87     93    120    120    151    142    150    150     93
a    88   1167  99.720  99.674   0.046    11615  99.303  99.298   0.005
b   0.00   0.00   0.00   0.00   0.00   0.00   0.00   0.00   0.01   0.55
c     47     80    103    116    135    125    156    152    164     89
a    89   1105  99.654  99.628   0.026    11617  99.304  99.301   0.003
b   0.00   0.00   0.00   0.00   0.00   0.00   0.00   0.01   0.02   0.27
c     38     73     93    121    111    147    133    170    135     84
a    90    751  99.758  99.731   0.027    11614  99.303  99.301   0.002
b   0.00   0.00   0.00   0.00   0.00   0.00   0.01   0.01   0.02   0.26
c     26     53     66     70     90     86     91     93    118     58
a    91   1079  99.762  99.736   0.026    11617  99.304  99.301   0.003
b   0.00   0.00   0.00   0.00   0.00   0.00   0.00   0.01   0.02   0.27
c     35     74     95    101    123    138    139    155    133     86
a    92   1121  99.729  99.668   0.061    11616  99.304  99.298   0.006
b   0.00   0.00   0.00   0.00  -0.00   0.01   0.00   0.01   0.02   0.77
c     45     75     94    124    131    135    122    153    160     82
a    93   1174  99.599  99.531   0.068    11617  99.304  99.296   0.007
b   0.00   0.00   0.00   0.00   0.00   0.00   0.00   0.01   0.01   0.94
c     41     78    110    112    122    149    165    162    153     82
a    94   1127  99.493  99.455   0.038    11617  99.304  99.301   0.003
b   0.00   0.00   0.00   0.00   0.00   0.00   0.00   0.01   0.01   0.46
c     49     86     91    120    133    129    131    157    148     83
a    95   1167  99.593  99.523   0.070    11616  99.306  99.300   0.006
b   0.00   0.00   0.00   0.00   0.00   0.00   0.00   0.01   0.01   0.88
c     40     88    102    130    125    152    153    136    155     86
a    96   1136  99.618  99.514   0.104    11617  99.304  99.289   0.015
b   0.00   0.00   0.00   0.00  -0.00   0.00   0.00   0.01   0.00   1.39
c     47     76     91    114    126    137    137    172    153     83
a    97   1173  99.409  99.273   0.136    11616  99.304  99.289   0.015
b   0.00   0.00   0.00   0.00   0.00   0.01   0.00   0.00   0.02   1.58
c     48     81    104    127    132    133    155    143    153     97
a    98   1171  99.602  99.575   0.028    11616  99.304  99.301   0.003
b   0.00   0.01   0.00   0.00   0.00   0.00   0.00   0.01   0.01   0.30
c     46     78     91    117    125    147    154    160    160     93
a    99   1143  99.832  99.810   0.021    11617  99.304  99.300   0.004
b   0.00   0.00   0.00   0.00   0.00   0.00   0.00   0.00   0.03   0.24
c     40     85    112    117    139    140    132    142    160     76
a   100   1196  99.276  99.021   0.256    11617  99.304  99.291   0.013
b   0.00   0.00   0.00   0.00   0.00   0.00   0.00   0.01   0.01   3.07
c     48     84     99    120    119    140    167    159    162     98
a   101   1174  99.631  99.579   0.052    11617  99.304  99.299   0.005
b   0.00   0.00   0.00   0.00   0.00   0.00   0.00   0.00   0.01   0.65
c     45     77    104    126    134    151    139    146    165     87
a   102   1172  99.591  99.560   0.031    11616  99.304  99.303   0.002
b  -0.01   0.00   0.00   0.00   0.00   0.00   0.00   0.01   0.01   0.34
c     27     97     91    114    132    137    165    158    156     95
a   103   1143  99.558  99.485   0.072    11617  99.304  99.300   0.004
b   0.00   0.00   0.00   0.00   0.00   0.00   0.00   0.00   0.02   0.95
c     37     76    104    114    122    145    140    167    157     81
a   104   1195  99.593  99.559   0.034    11617  99.304  99.301   0.003
b   0.00   0.00   0.00   0.00   0.00   0.00   0.00   0.01   0.02   0.38
c     55     70    111    114    148    132    149    161    163     92
a   105   1184  99.514  99.378   0.137    11617  99.304  99.294   0.010
b   0.00  -0.00   0.00   0.00   0.00   0.00   0.00   0.00   0.01   1.78
c     51     91     94    123    121    151    152    154    158     89
a   106   1145  99.402  99.363   0.039    11617  99.304  99.301   0.003
b  -0.00   0.00   0.00   0.00   0.01   0.00   0.00   0.01   0.02   0.45
c     39     68     93    124    143    136    143    149    164     86
a   107   1132  99.638  99.612   0.026    11616  99.303  99.301   0.002
b   0.01   0.00   0.00   0.00   0.00   0.00   0.00   0.00   0.01   0.29
c     38     84    107    102    133    131    145    154    151     87
a   108   1206  99.728  99.668   0.060    11617  99.304  99.296   0.008
b   0.01   0.00   0.00   0.00   0.00   0.00   0.00   0.01   0.01   0.73
c     43     87    107    115    136    154    148    149    176     91
a   109   1137  99.773  99.754   0.019    11617  99.304  99.302   0.002
b   0.00   0.00   0.00   0.01   0.00   0.00   0.00   0.00   0.02   0.18
c     47     70     87    125    126    141    147    166    143     85
a   110   1139  99.790  99.770   0.020    11617  99.304  99.302   0.002
b   0.00   0.00   0.00   0.00   0.00   0.00   0.00   0.00   0.02   0.23
c     37     86     96    121    132    131    141    153    166     76
a   111   1228  99.837  99.819   0.018    11617  99.304  99.300   0.004
b   0.00   0.00   0.00   0.00   0.00   0.00   0.00   0.01   0.01   0.19
c     52     84    109    123    127    157    169    158    154     95
a   112   1125  99.719  99.734  -0.015    11617  99.304  99.306  -0.002
b   0.00   0.00   0.00   0.00   0.00   0.00   0.00   0.01   0.02  -0.25
c     37     72     95    121    134    134    126    151    170     85
a   113   1189  99.609  99.551   0.057    11617  99.304  99.299   0.005
b   0.00   0.00   0.00   0.00   0.00   0.00   0.00   0.00   0.01   0.64
c     45     79    105    113    155    139    146    169    139     99
a   114   1146  99.777  99.754   0.023    11617  99.304  99.302   0.002
b   0.00   0.00   0.00   0.00   0.00   0.00   0.00   0.01   0.02   0.27
c     43     91     92    115    115    143    152    154    168     73
a   115   1185  99.586  99.545   0.041    11617  99.304  99.301   0.003
b   0.00   0.00   0.00   0.00   0.00   0.00   0.00   0.00   0.02   0.44
c     53     77    112    128    132    136    147    151    151     98
a   116   1163  99.433  99.397   0.037    11617  99.304  99.302   0.002
b   0.00   0.00   0.00   0.00   0.00   0.00   0.00   0.01   0.03   0.35
c     39     63     94    103    139    156    153    165    147    104
a   117   1163  99.592  99.528   0.064    11616  99.304  99.301   0.003
b   0.00   0.00   0.00   0.00   0.00   0.00   0.00   0.00   0.02   0.85
c     39    102     93    133    118    123    146    159    169     81
a   118   1201  99.728  99.691   0.038    11617  99.304  99.300   0.004
b   0.00   0.00   0.00   0.00   0.00   0.00   0.00   0.01   0.00   0.41
c     46     75    123    119    131    148    154    152    151    102
a   119   1128  99.758  99.762  -0.003    11617  99.304  99.305  -0.001
b   0.01   0.00   0.00   0.00   0.00   0.00   0.00   0.01   0.01  -0.11
c     39     76     83    117    142    139    146    160    146     80
a   120   1119  99.640  99.593   0.047    11617  99.304  99.298   0.005
b   0.00   0.00   0.00   0.00   0.00   0.00   0.00   0.00   0.02   0.53
c     45     77    105    121    110    128    152    140    151     90
a   121   1221  99.717  99.681   0.036    11616  99.304  99.301   0.003
b   0.00   0.00   0.00   0.00   0.00   0.00   0.00   0.00   0.01   0.51
c     43     89    105    127    152    141    151    175    162     76
a   122   1145  99.626  99.554   0.073    11616  99.306  99.297   0.009
b   0.00   0.00   0.00   0.00   0.00   0.00   0.00   0.00   0.01   0.92
c     43     80    103    108    131    136    150    157    151     86
a   123   1140  99.366  99.309   0.057    11616  99.304  99.301   0.003
b   0.01   0.00   0.00   0.00   0.00   0.00   0.00   0.00   0.02   0.67
c     42     77    108    120    127    140    131    150    156     89
a   124   1167  99.634  99.590   0.044    11616  99.304  99.301   0.003
b   0.00   0.00   0.00   0.00   0.00   0.00   0.00   0.00   0.02   0.54
c     46     76     83    127    149    160    142    155    144     85
a   125   1134  99.629  99.572   0.057    11616  99.304  99.300   0.004
b   0.01   0.00   0.00   0.00   0.00   0.00   0.00   0.00   0.02   0.70
c     43     94     94    111    121    130    154    155    147     85
a   126   1194  99.553  99.478   0.075    11614  99.304  99.296   0.008
b   0.00   0.00   0.00   0.00   0.00   0.00   0.00   0.00   0.01   0.97
c     41     78    123    126    134    144    144    151    165     88
a   127   1155  99.686  99.625   0.061    11615  99.305  99.298   0.006
b   0.00   0.00   0.00   0.00   0.00   0.00   0.00   0.00   0.01   0.77
c     45     94    100    104    138    133    147    157    151     86
a   128   1128  99.719  99.683   0.036    11616  99.304  99.301   0.003
b   0.00   0.00   0.00   0.00  -0.00   0.00   0.00   0.01   0.02   0.40
c     32     75     91    130    127    142    157    155    127     92
a   129   1035  99.628  99.539   0.090    11617  99.304  99.298   0.006
b   0.00   0.00   0.00   0.00   0.00   0.00   0.00   0.01   0.02   1.14
c     43     67     94    104    119    122    125    140    144     77
a   130   1126  99.642  99.607   0.036    11616  99.307  99.304   0.003
b   0.01   0.00   0.00   0.00   0.00   0.00   0.00   0.01   0.02   0.41
c     37     73    100    112    125    136    152    152    155     84
a   131   1187  99.672  99.661   0.012    11616  99.303  99.302   0.001
b   0.01   0.00   0.00   0.00   0.00   0.00   0.00   0.00   0.01   0.09
c     47     86    109    140    131    132    151    157    142     92
a   132   1102  99.817  99.804   0.013    11616  99.304  99.302   0.002
b   0.00   0.00   0.00   0.00   0.00   0.00   0.00   0.00   0.01   0.14
c     43     69    101     99    125    141    147    149    148     80
a   133   1211  99.722  99.766  -0.044    11617  99.304  99.310  -0.006
b   0.01   0.00   0.00   0.01   0.00   0.00   0.00   0.01   0.02  -0.61
c     40     90     94    130    143    146    145    170    155     98
a   134   1132  99.757  99.722   0.034    11615  99.306  99.302   0.004
b   0.01   0.00   0.00   0.00   0.00   0.00   0.00   0.01   0.01   0.40
c     47     82    100    115    123    136    140    156    147     86
a   135   1208  99.757  99.755   0.003    11613  99.305  99.305  -0.000
b   0.00  -0.00   0.00   0.00  -0.00   0.00   0.00   0.00   0.02  -0.02
c     46     85    110    133    136    149    147    157    160     85
a   136   1118  99.516  99.493   0.023    11616  99.304  99.302   0.002
b   0.00   0.00   0.00   0.00   0.00   0.00   0.00   0.01   0.02   0.25
c     34     82     95    112    126    135    148    147    155     84
a   137   1169  99.636  99.641  -0.005    11615  99.308  99.308  -0.000
b   0.00   0.00   0.00   0.00   0.00   0.00   0.00   0.00   0.02  -0.13
c     43     85     95    108    141    147    143    158    162     87
a   138   1161  99.730  99.740  -0.010    11617  99.304  99.305  -0.001
b   0.00   0.00   0.00   0.00   0.00   0.00   0.00   0.00   0.03  -0.22
c     50     82     98    128    134    132    155    158    143     81
a   139   1188  99.419  99.523  -0.105    11615  99.304  99.310  -0.006
b   0.00   0.00   0.00  -0.00   0.00   0.00   0.00   0.00   0.00  -1.28
c     44     81    100    120    132    143    154    156    159     99
a   140   1135  99.721  99.667   0.054    11615  99.305  99.300   0.005
b   0.00  -0.00   0.00   0.00   0.00  -0.00   0.00   0.00   0.01   0.67
c     40     76    107    114    132    132    145    153    149     87
a   141   1165  99.540  99.495   0.044    11615  99.305  99.303   0.003
b   0.01   0.00   0.00   0.00   0.00   0.00   0.00   0.00   0.01   0.52
c     42     77    100    122    117    153    137    161    167     89
a   142   1164  99.532  99.597  -0.065    11614  99.303  99.310  -0.006
b   0.00   0.00   0.00   0.00   0.00   0.00   0.00   0.00   0.01  -0.87
c     45     78    103    113    147    130    159    151    147     91
a   143   1143  99.748  99.718   0.030    11616  99.304  99.301   0.003
b   0.00   0.00   0.00   0.00   0.00   0.00   0.00   0.01   0.01   0.33
c     33     73     99    120    118    143    143    156    167     91
a   144   1170  99.618  99.572   0.046    11616  99.304  99.301   0.003
b   0.00   0.00   0.00   0.00   0.00   0.00   0.00   0.00   0.02   0.57
c     53     85     94    126    139    137    152    144    154     86
a   145   1231  99.203  99.088   0.115    11616  99.305  99.296   0.009
b   0.00   0.00   0.00   0.00   0.00   0.00   0.00   0.00   0.01   1.35
c     42     88    109    119    126    148    160    168    169    102
a   146   1133  99.736  99.700   0.035    11615  99.305  99.302   0.003
b   0.00   0.00   0.00   0.00   0.00   0.00   0.00   0.00   0.01   0.42
c     36     84     99    117    144    145    134    140    149     85
a   147   1211  99.415  99.375   0.040    11617  99.304  99.300   0.004
b   0.00   0.00   0.00   0.00   0.00   0.00   0.00   0.00   0.01   0.51
c     50     81    118    116    131    131    159    174    164     87
a   148   1125  99.700  99.623   0.077    11616  99.304  99.292   0.012
b   0.00   0.00   0.00   0.00   0.00   0.00   0.00   0.00   0.02   0.81
c     40     85     79    124    133    153    127    144    140    100
a   149   1199  99.740  99.713   0.027    11617  99.304  99.301   0.003
b   0.00   0.00   0.00   0.00   0.00   0.00   0.00   0.01   0.01   0.28
c     40     81    114    108    126    141    165    151    176     97
a   150   1117  99.712  99.660   0.052    11616  99.304  99.299   0.006
b   0.01   0.00  -0.00   0.00   0.00   0.00   0.00   0.00   0.01   0.61
c     43     63    101    123    138    134    139    144    143     89
a   151   1166  99.805  99.797   0.009    11617  99.304  99.303   0.001
b   0.00   0.00   0.00   0.00   0.00   0.00   0.00   0.01   0.02   0.04
c     41     82    100    121    126    153    147    157    149     90
a   152   1143  99.754  99.711   0.043    11616  99.304  99.298   0.006
b   0.00   0.00  -0.00   0.00   0.00   0.00   0.00   0.01   0.01   0.49
c     44     69     98    110    136    132    146    148    166     94
a   153   1143  99.692  99.672   0.021    11617  99.304  99.301   0.003
b   0.00   0.00  -0.00   0.00   0.01   0.00   0.00   0.00   0.01   0.22
c     47     82    101    122    131    141    144    143    143     89
a   154   1176  99.673  99.673  -0.000    11617  99.304  99.304  -0.000
b   0.00   0.00   0.00   0.00   0.00   0.00   0.00   0.01   0.01  -0.04
c     40     74     89    114    128    142    159    163    168     99
a   155   1148  99.774  99.740   0.034    11616  99.304  99.300   0.004
b   0.00   0.01   0.00   0.00   0.00   0.00   0.00   0.01   0.01   0.41
c     45     91    102    116    140    131    139    145    156     83
a   156   1194  99.764  99.731   0.033    11616  99.304  99.300   0.005
b   0.00   0.00   0.00   0.00   0.00   0.00   0.00   0.00   0.02   0.42
c     38     91    114    122    120    151    161    155    162     80
a   157   1148  99.758  99.734   0.024    11617  99.304  99.301   0.003
b   0.00   0.00   0.00   0.00   0.00   0.00   0.00   0.00   0.01   0.25
c     41     85    103    113    129    121    145    160    158     93
a   158   1143  99.770  99.754   0.016    11617  99.304  99.302   0.002
b   0.00  -0.00   0.00   0.00   0.00   0.00   0.00   0.00   0.02   0.17
c     39     67     90    118    138    154    154    153    150     80
a   159   1161  99.665  99.638   0.027    11617  99.304  99.302   0.002
b   0.00   0.00  -0.00   0.00   0.00   0.00   0.00   0.00   0.02   0.27
c     58     73     95    124    119    137    140    146    167    102
a   160   1152  99.764  99.733   0.031    11617  99.304  99.301   0.003
b  -0.00   0.00   0.00   0.00   0.00   0.00   0.00   0.01   0.02   0.36
c     42     90    108    112    127    132    159    151    147     84
a   161   1153  99.769  99.749   0.020    11617  99.304  99.302   0.002
b   0.00   0.00   0.00   0.00   0.01   0.00   0.01   0.01   0.02   0.18
c     40     77    106    121    137    138    132    154    156     92
a   162   1153  99.752  99.730   0.022    11617  99.304  99.302   0.002
b   0.01   0.00  -0.00   0.00   0.00  -0.00   0.00   0.01   0.03   0.22
c     49     86     87    123    118    129    156    167    152     86
a   163   1133  99.713  99.673   0.039    11617  99.304  99.300   0.003
b   0.00   0.00   0.00   0.00   0.00   0.00   0.00   0.01   0.02   0.44
c     35     79     92    128    140    144    131    141    156     87
a   164   1154  99.766  99.708   0.057    11617  99.304  99.296   0.008
b   0.00   0.00   0.00   0.00   0.00   0.00   0.00   0.01   0.01   0.74
c     34     79    112    106    136    134    154    157    158     84
a   165   1144  99.717  99.698   0.019    11617  99.304  99.302   0.002
b   0.00  -0.00   0.00   0.00   0.00   0.00   0.00   0.01   0.02   0.17
c     50     78     98    131    121    144    138    132    158     94
a   166   1175  99.676  99.650   0.026    11617  99.304  99.301   0.003
b   0.00   0.00   0.00   0.00   0.00   0.00   0.00   0.00   0.02   0.27
c     39     79     99    109    145    147    148    168    149     92
a   167   1126  99.616  99.555   0.061    11615  99.305  99.301   0.003
b   0.00   0.00   0.00   0.00  -0.00   0.00   0.00   0.01   0.01   0.84
c     39     74    106    118    135    128    146    143    160     77
a   168   1153  99.607  99.589   0.017    11617  99.304  99.302   0.001
b   0.00   0.00   0.00   0.00   0.00   0.00   0.00   0.01   0.03   0.13
c     44     76     99    110    122    145    143    166    155     93
a   169   1190  99.723  99.645   0.078    11617  99.304  99.295   0.009
b   0.00   0.00   0.00   0.00   0.00   0.00   0.00   0.01   0.03   0.88
c     41     85     95    142    138    143    142    148    158     98
a   170   1147  99.680  99.689  -0.009    11617  99.304  99.305  -0.001
b   0.00   0.00   0.00   0.00   0.00   0.00   0.00   0.00   0.04  -0.20
c     42     87     93    111    120    141    153    151    161     88
a   171   1181  99.716  99.696   0.020    11616  99.303  99.301   0.002
b   0.01   0.00   0.00   0.00   0.00   0.00   0.00   0.01   0.02   0.17
c     41     85    121    106    129    155    143    164    140     97
a   172   1154  99.733  99.718   0.015    11616  99.304  99.302   0.002
b   0.00   0.00   0.00   0.00   0.00   0.00   0.00   0.01   0.02   0.12
c     41     71    101    117    140    131    155    148    165     85
a   173   1147  99.757  99.687   0.070    11615  99.304  99.297   0.007
b   0.00   0.00   0.00   0.00   0.00   0.00   0.00   0.01   0.03   0.90
c     39     87     78    135    125    155    142    142    163     81
a   174   1119  99.616  99.585   0.032    11616  99.304  99.301   0.003
b   0.00   0.00   0.00   0.00   0.00   0.00   0.00   0.01   0.02   0.32
c     41     85     94    112    124    130    137    155    147     94
a   175   1152  99.791  99.755   0.036    11617  99.304  99.300   0.004
b   0.00   0.00   0.00   0.00   0.00   0.00   0.00   0.01   0.03   0.39
c     51     73    102    100    141    138    149    153    157     88
a   176   1151  99.073  98.829   0.243    11617  99.304  99.286   0.018
b   0.00   0.00   0.00   0.00   0.00   0.00   0.00   0.00   0.02   3.39
c     39     78    110    127    129    142    135    153    157     81
a   177   1134  99.551  99.428   0.124    11616  99.304  99.289   0.015
b   0.00   0.00   0.00   0.00   0.00   0.00   0.00   0.00   0.02   1.61
c     40     81    105    112    121    143    148    146    154     84
a   178   1125  99.620  99.568   0.053    11616  99.304  99.300   0.004
b   0.00  -0.00   0.00   0.00   0.00   0.00   0.00   0.01   0.02   0.60
c     53     85     97    113    126    125    137    150    149     90
a   179   1066  99.587  99.510   0.077    11615  99.305  99.298   0.007
b   0.00   0.00   0.00   0.00   0.00   0.00   0.00   0.01   0.03   0.94
c     29     76     76    107    134    138    137    137    152     80
a   180    892  99.498  99.400   0.099    11616  99.305  99.300   0.005
b   0.00   0.00   0.00  -0.00  -0.00   0.00   0.00   0.01   0.04   1.11
c     36     50     78     86    105    105    111    127    120     74
 -------------------------------------------------------------
 
overall CC1/2ano:    58.624 nref=   10517 (but the overall value is meaningless!)
<CC1/2ano> :    54.462 (average of CC1/2ano in resolution shells)
CC1/2ano in resolution shells:
  72.9  48.2  59.7  58.7  60.2  65.1  61.4  50.8  28.8  58.7
unique Friedel pairs:
    305    608    776    946   1073   1187   1293   1409   1495   1425
 
 headings for lines starting with d,e,f:
d: <CC1/2ano> of each frame:
d:   reflections of this frame only        reflections of all frames
d: frm   nref    with without   delta     nref    with without   delta
e: delta-CC1/2ano in resolution shells
f: # reflections for delta-CC1/2ano
d     1    713  48.538  46.812   1.726    10515  54.464  54.369   0.095
e   1.03   4.03  -1.79  -2.32   0.17   1.09  -0.02   2.54   3.04  14.58
f     18     42     67     78     80     86     93     99    104     46
d     2    994  53.232  51.002   2.230    10515  54.460  54.229   0.231
e   1.15   8.97   1.04   3.03   1.52  -0.18   2.55   2.59  -0.16   5.66
f     33     68     88     96    119    114    125    136    148     67
d     3   1015  49.193  48.506   0.688    10513  54.464  54.359   0.104
e   2.10   2.09   3.55  -0.44   1.89  -0.94   1.78   1.53   0.25  -4.57
f     35     65     76    102    115    137    136    143    136     70
d     4   1085  54.625  52.906   1.719    10514  54.473  54.300   0.173
e   1.71   1.72   1.94   2.24  -0.13   2.38   2.23   3.15   1.17  -0.36
f     39     84     93    117    111    134    136    143    154     74
d     5   1082  49.704  48.534   1.169    10514  54.465  54.370   0.094
e  -0.81   1.69   1.54   0.93  -0.63   0.65  -0.30   0.87   2.26   6.38
f     41     59     96    114    120    139    133    155    146     79
d     6   1086  54.848  53.678   1.170    10513  54.326  54.200   0.126
e  -0.90   0.44  -0.83   0.55   0.85   3.57   1.97   0.71   1.60   1.67
f     39     77     98    113    135    127    131    143    145     78
d     7   1081  54.053  52.321   1.731    10512  54.483  54.317   0.165
e   0.93   3.84   1.93   0.02   1.75   0.05   1.95   1.66   1.42   5.74
f     31     72     84    106    117    142    141    154    158     76
d     8   1050  48.226  46.636   1.589    10512  54.417  54.278   0.140
e   2.48   0.23   3.86   3.25   0.91   0.89   0.77   2.95   0.35   1.29
f     34     75     92     99    120    123    135    139    153     80
d     9   1109  54.117  53.738   0.379    10514  54.476  54.413   0.062
e  -0.09  -0.78  -2.31   1.19   0.87   0.64   2.02   0.53   2.63  -6.37
f     37     70     92    122    134    140    138    146    161     69
d    10   1112  52.533  50.586   1.947    10516  54.457  54.267   0.190
e  -0.89   3.16   0.25   2.05   3.66   2.30   2.39   0.79   0.59   4.71
f     33     83    103    113    117    138    148    145    154     78
d    11   1081  50.700  49.442   1.258    10516  54.464  54.269   0.195
e  -1.46   3.47   2.15   0.82   1.76   2.21   2.08   1.61   0.66  -2.68
f     36     79     88    106    120    125    132    154    149     92
d    12   1155  51.895  50.741   1.155    10516  54.461  54.287   0.174
e   1.20   2.82   3.73   2.18   1.64   1.20   2.21   0.36   1.13  -6.77
f     43     71    104    127    132    138    160    152    148     80
d    13   1076  53.860  52.713   1.147    10515  54.467  54.326   0.142
e   1.72  -0.65   3.31   3.07  -1.06   1.01   2.20   3.04   0.86  -4.07
f     38     75    102    104    125    141    130    140    150     71
d    14   1082  56.670  55.756   0.914    10513  54.471  54.341   0.130
e   0.41   0.09   1.96   1.65   1.42   1.72   1.85   2.95   0.50  -8.56
f     38     77     91    105    124    120    158    152    149     68
d    15   1083  55.315  53.241   2.074    10516  54.458  54.260   0.199
e   1.77   3.07   0.35  -0.14   0.64   2.56   1.27   2.45   4.19   5.47
f     42     65     98    120    136    147    122    139    136     78
d    16   1079  51.579  50.991   0.587    10515  54.464  54.362   0.101
e   1.57   0.72  -5.36   0.95   0.05   1.41   2.44   1.66   1.99  -2.44
f     32     70     96    119    118    123    154    153    146     68
d    17   1039  52.440  51.717   0.724    10513  54.497  54.385   0.111
e   1.09   2.25   2.59   0.33   0.86   0.90   2.05   0.55   0.21  -3.75
f     33     74     87    102    127    128    122    139    149     78
d    18   1111  45.130  45.432  -0.301    10514  54.491  54.420   0.071
e  -3.33  -0.66  -1.06  -0.41   0.85   0.11   1.32   1.01   0.51  -7.21
f     35     71     83    130    123    128    153    153    154     81
d    19   1086  51.327  51.077   0.250    10514  54.463  54.380   0.083
e   4.38   2.07   2.18   1.16   1.80   1.21  -0.39   1.09   0.70 -10.12
f     37     79     97    110    117    133    122    147    147     97
d    20   1093  52.533  52.232   0.301    10516  54.488  54.364   0.123
e   1.02   3.14   3.42   2.31   0.70   1.12  -0.42   1.99   1.07 -14.72
f     30     72     98    101    134    148    152    137    145     76
d    21   1111  50.518  49.429   1.090    10517  54.462  54.343   0.118
e   1.41   3.76   3.19   0.79  -0.83   0.90   1.37   0.92   0.32   0.66
f     42     72    102    123    115    128    141    152    152     84
d    22   1047  52.148  50.721   1.427    10516  54.463  54.279   0.184
e   0.03   1.77   0.95   1.23   2.23   1.10   1.71   2.36   2.65  -2.77
f     35     67     87    109    119    130    143    131    152     74
d    23   1127  50.155  49.152   1.002    10517  54.462  54.345   0.117
e   2.34  -0.35   0.88  -0.74   1.73   0.62   1.52   1.64   2.39  -1.33
f     33     75    104    103    123    135    151    154    166     83
d    24   1080  50.507  49.899   0.608    10516  54.466  54.361   0.106
e   0.90   1.97   0.42   0.20   0.67   0.43   1.65   0.61   2.35  -5.15
f     36     78     98    116    122    123    129    153    150     75
d    25   1094  53.801  53.123   0.678    10514  54.468  54.394   0.075
e   0.83  -3.00  -0.02   0.23   1.04   0.04   1.97   1.05   0.59   2.65
f     32     66     90    103    117    144    149    162    151     80
d    26   1105  52.322  50.636   1.686    10513  54.401  54.172   0.229
e   1.28   2.15   0.92   1.38   2.60   1.07   2.00   3.15   2.50  -2.87
f     39     73     97    119    130    128    139    157    148     75
d    27   1090  49.904  48.062   1.842    10515  54.464  54.233   0.231
e   4.24   7.05   2.96   1.36   0.93   0.15   1.34   0.96   3.50  -0.33
f     28     68     94    111    113    131    148    148    156     93
d    28   1132  54.252  53.697   0.555    10509  54.503  54.410   0.093
e  -0.77   1.10   0.39   1.20   0.14   0.83   1.96   0.48   1.26  -4.02
f     41     77     96    106    132    129    153    155    168     75
d    29   1071  51.972  50.724   1.247    10512  54.464  54.339   0.125
e   1.39   1.80   1.73   0.25   2.43   1.48   2.10   0.43  -0.33   2.19
f     39     74     82    114    132    122    141    154    140     73
d    30   1134  56.486  55.332   1.154    10516  54.461  54.368   0.092
e   3.22   1.71  -2.35   0.97   1.00   1.37   1.28   1.50   0.13   5.34
f     37     63     98    120    120    142    150    161    163     80
d    31   1046  51.979  50.699   1.280    10511  54.490  54.304   0.186
e   1.45   1.66   4.76   1.03   4.19   1.67   0.07   0.89  -1.07  -1.09
f     32     74     84    103    130    141    137    125    139     81
d    32   1173  53.698  53.376   0.322    10516  54.463  54.376   0.087
e   2.41   2.27   1.10   1.55  -1.13   0.67   0.78   1.83  -1.08  -4.27
f     37     80     99    109    129    141    154    173    162     89
d    33   1074  52.955  51.665   1.290    10510  54.495  54.334   0.161
e  -0.48   6.61   2.42   1.37   2.94  -0.58   0.58   0.74   1.66  -0.99
f     34     59    101    109    116    142    142    145    148     78
d    34   1105  51.407  50.244   1.163    10507  54.458  54.298   0.161
e   0.55   1.84   1.68   2.13   1.69  -0.51   0.86   0.50   2.18   0.63
f     38     72     97    107    133    119    155    158    144     82
d    35   1084  48.639  47.071   1.567    10516  54.461  54.248   0.213
e   2.75   2.30   2.36   1.61   2.99   0.90   1.66   2.19   2.24  -4.88
f     29     63     95    112    123    153    132    144    164     69
d    36   1121  50.011  48.953   1.058    10510  54.354  54.186   0.168
e   2.12   0.25  -0.08   1.46   1.29   1.47   1.02   1.46   0.73   0.80
f     38     71     85    100    135    134    147    165    164     82
d    37   1097  56.649  54.601   2.048    10509  54.511  54.301   0.210
e  -1.46   1.47   2.60   2.01   0.73   1.61   2.10   1.30   3.99   4.05
f     31     74     86    115    120    143    158    149    147     74
d    38   1098  49.247  48.614   0.633    10512  54.484  54.355   0.129
e  -0.12  -0.88   2.04   0.49   1.11   1.22   0.08   1.97   1.47  -4.43
f     35     67     91    116    109    130    140    163    169     78
d    39   1146  54.700  53.490   1.210    10511  54.473  54.330   0.143
e  -0.04  -0.49   1.98   1.36   2.50   1.75   1.16   1.62   1.31  -1.99
f     38     74    102     97    138    143    171    150    157     76
d    40   1098  55.027  53.814   1.213    10508  54.497  54.385   0.112
e  -2.73  -2.48   0.80   1.89   2.48   2.85   0.12   0.64  -0.03   5.50
f     32     70    102    113    113    139    122    167    148     92
d    41   1128  51.203  49.694   1.510    10510  54.439  54.229   0.210
e  -0.47   7.81   2.81   1.33   1.52   0.39   2.07   2.86   1.13  -5.12
f     35     69     98    123    134    149    150    149    140     81
d    42   1113  50.744  49.648   1.096    10510  54.394  54.290   0.104
e   1.70  -1.38   2.27   1.41   1.63   1.07   1.35   1.34   0.46   1.22
f     36     83     86    108    120    126    149    172    158     75
d    43   1092  53.177  52.272   0.904    10507  54.117  53.986   0.131
e   0.82   3.82   1.15   2.14  -2.05   0.95   1.68   3.17   1.77  -5.67
f     34     69     77    106    128    154    159    143    139     83
d    44   1080  56.195  55.606   0.589    10511  54.289  54.196   0.093
e   1.33  -0.90  -3.72   1.11   1.47   1.59   1.63   2.39   2.80  -7.22
f     31     65    104    108    115    118    154    154    161     70
d    45   1151  55.153  52.642   2.511    10511  54.474  54.206   0.268
e   2.13   4.05   0.10   0.71   1.05   0.64   1.52   1.72   4.48  12.96
f     31     76    102    127    133    147    140    164    154     77
d    46   1092  51.964  50.243   1.720    10512  54.435  54.265   0.171
e   2.80   2.93   2.35   2.06   0.87   0.47   0.78   0.38   3.19   3.66
f     43     75     91    102    126    131    141    150    159     74
d    47   1093  42.347  41.102   1.244    10508  54.396  54.252   0.144
e  -0.27  -0.67   2.29   1.03  -1.47   1.19   0.33   1.90   3.08   4.38
f     41     75     88    109    121    130    146    162    148     73
d    48   1077  48.598  46.983   1.615    10512  54.421  54.237   0.183
e   6.16   2.03   3.37   2.07   0.10   1.07   2.46   0.43   2.09   0.63
f     22     80     78    113    119    137    150    158    145     75
d    49   1129  51.474  49.794   1.679    10510  54.490  54.305   0.186
e   0.36   2.03   2.98   1.85   2.10   0.99   1.87   0.98   1.45   2.13
f     46     69    107    118    131    143    139    158    140     78
d    50   1089  51.645  49.960   1.685    10511  54.556  54.392   0.164
e   2.84   1.58   5.04   0.68   0.41   1.16   1.96   0.26   2.01   3.18
f     34     70    100    110    130    120    154    152    154     65
d    51    802  47.771  45.477   2.294    10514  54.467  54.320   0.148
e   0.27   2.25   0.74   2.33   3.62  -0.62   1.45   3.33   0.72   9.92
f     31     51     71     71     82     96    110    113    112     65
d    52   1113  52.648  52.147   0.501    10512  54.480  54.396   0.084
e   0.91 -11.27   1.98   0.12   3.02   0.32   1.68   0.26   1.27   2.41
f     34     67     97    133    127    134    136    158    149     78
d    53   1074  50.973  49.327   1.646    10510  54.513  54.328   0.185
e  -0.05   4.72   2.29   2.12   0.57   1.25   2.70   1.92   2.29  -2.86
f     36     69     92     99    134    126    150    147    143     78
d    54   1121  54.418  53.244   1.173    10514  54.520  54.406   0.114
e   0.10   1.82   4.40   1.69   3.33   0.65   1.26   1.75  -3.52   1.68
f     41     84     91    116    123    141    134    155    149     87
d    55   1087  51.775  50.048   1.728    10516  54.468  54.289   0.179
e   4.73   1.50   1.33   0.54   2.08   0.84   2.70   1.01  -0.02   6.78
f     34     71    108    104    119    121    147    150    157     76
d    56   1125  50.196  48.619   1.577    10515  54.458  54.300   0.158
e   0.88   1.07   2.21   1.47   1.93   0.58   1.59   0.73  -0.06   6.90
f     36     77     74    122    136    145    138    153    150     94
d    57   1119  54.502  52.883   1.618    10517  54.462  54.297   0.165
e  -0.41   3.90   2.78   1.86   0.62   0.93   1.41   0.49   1.26   4.42
f     33     79    104    113    117    146    133    155    162     77
d    58   1060  60.426  59.484   0.942    10514  54.475  54.356   0.119
e   0.22   0.62  -1.50  -0.81   2.06  -0.01   0.71  -0.02   1.95   6.01
f     47     55     85    106    123    131    136    143    144     90
d    59   1114  51.285  49.771   1.515    10515  54.467  54.306   0.161
e   2.50  -4.06   2.07   0.43   4.35   1.33   2.29   0.65   2.32   2.61
f     29     87    101    109    127    138    147    152    154     70
d    60   1154  55.419  54.018   1.402    10516  54.475  54.295   0.180
e   2.07   2.47   1.30   0.91   1.25   1.73   0.03   2.10   1.59   1.66
f     36     78    111    117    136    126    155    141    160     94
d    61   1087  47.353  45.297   2.056    10515  54.468  54.254   0.214
e   2.53   3.45  -0.01   1.04   0.61   2.27   1.49   3.40   0.90   6.01
f     42     78     84    109    120    132    131    163    146     82
d    62   1103  55.356  53.591   1.765    10516  54.472  54.306   0.166
e   0.64  -1.38   1.52   0.66   3.12   0.93   0.95   1.10   3.57   5.30
f     32     65     88    126    129    144    144    146    144     85
d    63   1106  56.442  54.437   2.006    10515  54.468  54.300   0.168
e   2.46   1.76   2.57   2.42   0.38   0.53   1.80   3.82  -1.91   8.93
f     44     85     93    100    125    128    157    149    138     87
d    64   1105  52.181  51.477   0.704    10516  54.466  54.315   0.151
e  -0.25  -0.98   2.14  -0.74   1.55   1.91   3.24   0.15   2.99  -8.67
f     31     74    100    119    118    145    138    154    151     75
d    65   1091  51.891  50.543   1.348    10516  54.463  54.284   0.179
e  -1.13   3.70   2.86   2.59   3.34   2.60   1.78  -0.26  -0.12  -3.76
f     40     73     91    104    129    130    157    148    146     73
d    66   1098  53.340  51.359   1.981    10517  54.462  54.296   0.165
e  -0.23   4.07  -0.17  -1.13   2.27  -0.01   1.84   2.67   1.82  11.14
f     47     75     94    118    118    138    145    149    138     76
d    67   1122  55.120  53.556   1.564    10514  54.481  54.308   0.173
e   1.83   2.65  -0.67   1.91   2.06   0.60   1.33   1.48   0.74   6.09
f     34     89     97    114    133    135    136    163    153     68
d    68   1103  50.708  48.813   1.895    10517  54.462  54.281   0.181
e   1.77  -1.92   1.54   0.97   3.34   0.30   2.14   2.99   0.44   5.70
f     40     54     93    107    136    136    144    145    147    101
d    69   1113  53.537  54.827  -1.290    10517  54.462  54.729  -0.267
e   2.20   2.81   0.17 -28.56   0.65   2.40   2.29   2.11   1.84   0.91
f     27     76     95    112    110    155    155    157    149     77
d    70   1132  53.643  51.453   2.190    10516  54.472  54.253   0.219
e   1.88   1.77   0.91   1.25   2.59   1.32   2.38   2.05   5.55   0.13
f     44     77     96    107    138    138    151    145    150     86
d    71   1127  54.948  53.078   1.870    10517  54.462  54.259   0.203
e   3.78   3.24  -0.58   0.81   2.46   0.81   0.57   4.56   1.57   1.91
f     48     82     91    117    123    121    146    160    152     87
d    72   1128  52.622  51.493   1.129    10516  54.475  54.323   0.152
e  -0.58  -0.49   1.09   1.48   2.37   1.27   1.80   2.58   0.40  -2.89
f     25     73     99    124    129    144    146    162    157     69
d    73   1101  54.233  52.663   1.570    10516  54.460  54.301   0.159
e   0.34   2.12   2.39   0.69   1.55   1.62   2.44   2.75   1.82  -1.73
f     34     77     91    105    134    133    145    141    146     95
d    74   1111  57.137  55.376   1.760    10517  54.462  54.273   0.189
e   0.68   6.34   2.09   0.30  -1.22  -0.16   3.35   2.56   2.96   0.54
f     35     75     92    102    125    135    144    153    165     85
d    75   1106  51.073  48.282   2.791    10517  54.462  54.150   0.312
e  20.10   3.07   1.68   1.45   1.93   3.07   1.54   1.05   3.80   2.11
f     39     78     95    118    131    135    145    150    137     78
d    76   1135  55.730  54.024   1.706    10517  54.462  54.283   0.178
e   1.15   0.86   2.23   0.53   1.84  -0.09   0.24   1.06   4.44   5.08
f     52     78     95    102    119    133    150    164    160     82
d    77   1117  49.936  47.820   2.116    10516  54.466  54.239   0.227
e   1.34   0.59   0.13   1.93  -0.59   1.67   4.84   3.43   4.13   0.55
f     43     75     96    114    132    132    138    154    157     76
d    78   1134  49.150  47.018   2.132    10516  54.433  54.208   0.225
e   4.06   5.49  -1.76   1.56   2.33   0.52   2.45  -0.01   5.15   4.24
f     27     74    102    110    121    142    166    155    159     78
d    79   1067  55.445  53.277   2.168    10517  54.462  54.271   0.191
e   0.82   2.55   3.80   0.92   3.53   2.15   0.59   0.43   4.93   1.00
f     27     82     88    109    125    142    132    148    139     75
d    80   1128  58.170  57.607   0.563    10516  54.484  54.449   0.035
e   1.08   1.92  -0.15  -0.68  -0.75  -0.16   0.40  -0.53   2.14   4.19
f     33     71     97    124    117    132    161    154    154     85
d    81   1120  52.150  51.327   0.823    10517  54.462  54.337   0.125
e   2.19   3.10   1.27   2.42   0.91   0.77   1.54  -0.18   1.05  -4.42
f     38     83     93    113    135    138    140    150    144     86
d    82   1138  55.668  54.228   1.440    10517  54.462  54.298   0.163
e   0.66   2.92   1.57   1.36   0.54   0.63   1.99   1.18   2.13   1.31
f     38     73    103    114    134    132    140    150    172     82
d    83   1059  53.619  51.965   1.654    10512  54.456  54.322   0.134
e  -5.66   3.44   0.25   1.08   0.99   1.74   1.00   0.60   2.20   9.79
f     36     75     89    108    119    138    146    147    132     69
d    84   1122  50.885  49.565   1.320    10513  54.475  54.316   0.160
e   5.29   0.02   2.30   1.66   1.53   0.52   0.03   4.71   0.15  -1.63
f     45     75     96    117    128    129    148    143    157     84
d    85   1103  56.035  54.767   1.268    10515  54.460  54.382   0.078
e   0.41  -4.42   2.50   0.93   0.47   3.17   0.47   2.95  -0.74   5.90
f     43     78     91    118    116    143    145    152    138     79
d    86   1095  51.235  48.766   2.469    10513  54.462  54.235   0.227
e   7.92   3.15   2.14   1.60   0.50   2.28   0.13   3.03   2.74   7.03
f     40     73     95    114    124    132    140    146    158     73
d    87   1091  53.991  52.044   1.946    10514  54.468  54.293   0.175
e   3.35   1.25   1.97   2.32   1.54   3.68   0.65   0.70   1.90   3.39
f     37     79     86    115    115    145    138    144    149     83
d    88   1119  55.254  55.054   0.200    10516  54.460  54.433   0.027
e   1.95   1.98   1.28   0.26  -3.82   3.16  -0.33  -0.74   0.42   0.47
f     44     75    100    112    129    120    150    149    154     86
d    89   1047  51.260  47.933   3.327    10511  54.471  53.938   0.533
e   1.08   3.65   2.29   6.39   2.34   4.15   4.26   2.15   3.22   1.62
f     36     70     84    111    107    143    129    163    134     70
d    90    717  51.507  48.145   3.362    10516  54.464  54.222   0.242
e   1.79   7.35   1.25  -2.52   3.44   3.95   1.77   6.57   2.40   8.65
f     22     48     66     68     87     80     88     91    113     54
d    91   1025  54.665  52.602   2.063    10511  54.441  54.233   0.208
e   0.26   6.37   2.98   0.80   1.19   2.50   1.60   2.10   2.90  -0.86
f     34     70     89     93    119    132    136    149    131     72
d    92   1067  45.826  43.976   1.850    10514  54.457  54.048   0.409
e   2.67   0.56  -0.20   3.39   2.12   2.14   3.46   1.34   2.51  -1.18
f     40     69     91    120    125    128    117    147    155     75
d    93   1116  57.184  55.837   1.347    10514  54.332  54.225   0.108
e   4.78   3.03  -3.11   3.62   2.45   1.04   2.64   1.69  -0.25  -0.58
f     37     74    102    105    115    144    158    160    147     74
d    94   1067  54.177  52.296   1.881    10513  54.488  54.261   0.227
e   5.08   1.41   4.43   0.89   4.97  -1.08  -3.13   4.37  -0.20   6.44
f     43     80     84    114    129    122    127    147    147     74
d    95   1114  54.233  51.881   2.352    10516  54.449  54.211   0.239
e   2.10   5.43   1.79   1.30   3.41   2.10   2.12   0.97   0.56   6.59
f     34     82     96    124    119    149    147    134    149     80
d    96   1086  51.993  51.370   0.622    10513  54.149  54.069   0.080
e   1.37   1.30   0.56   1.40   2.01  -0.93   0.93   0.45  -1.87   3.92
f     41     72     89    109    120    133    132    166    150     74
d    97   1110  55.856  53.818   2.038    10514  54.160  54.005   0.155
e  -1.58   1.12   2.40   0.38   0.85   0.78   0.92   3.60   3.44   7.09
f     44     73     97    120    126    127    148    140    148     87
d    98   1119  55.074  53.748   1.325    10513  54.327  54.206   0.121
e   3.67   2.93   3.85   1.50  -0.18   0.78   0.60   0.46   0.42   3.52
f     41     76     89    113    121    141    148    153    156     81
d    99   1085  51.140  49.613   1.527    10517  54.462  54.295   0.167
e   0.62   0.37   2.12   1.51   4.08   2.07   1.20   2.04  -2.29   4.42
f     35     78    103    111    132    134    129    138    153     72
d   100   1143  54.483  52.161   2.323    10516  54.484  54.254   0.230
e  -0.64   3.10   1.97   0.31   1.41   0.61   2.58   4.11   3.02   4.86
f     42     78     92    113    116    137    158    155    159     93
d   101   1119  51.101  49.884   1.217    10514  54.418  54.317   0.101
e  -2.66   3.08  -1.83   0.94   0.86   0.76   1.85   1.82  -1.31   9.99
f     38     75     99    123    126    143    138    140    159     78
d   102   1121  49.115  48.363   0.752    10515  54.431  54.277   0.153
e   2.26   1.98   3.49   1.84   0.07   2.18   0.78   3.33  -0.41  -8.24
f     23     88     84    109    127    132    160    154    153     91
d   103   1093  57.965  56.598   1.367    10516  54.466  54.335   0.131
e   0.69   1.87   0.12   1.18   2.45   1.44   2.26   0.37   2.05   0.48
f     34     73     99    108    117    141    134    158    150     79
d   104   1140  53.439  51.701   1.738    10513  54.369  54.181   0.189
e   0.82   0.61   1.50   1.88   2.56   1.06   1.67   3.12   2.38  -0.77
f     46     66    106    109    142    129    143    157    158     84
d   105   1121  50.854  50.000   0.854    10515  54.345  54.255   0.090
e   0.47  -3.50  -2.07   1.22   2.66   2.06   0.96   1.29   1.20   1.83
f     47     83     88    117    117    142    144    148    152     83
d   106   1105  55.878  55.452   0.426    10516  54.452  54.419   0.033
e  -2.93   0.37   1.65   0.16  -2.97   0.63   2.61   2.52  -0.91   1.67
f     37     63     88    118    139    133    140    144    160     83
d   107   1074  55.427  54.487   0.940    10516  54.460  54.378   0.082
e   0.56  -4.89   1.48   2.93   0.99   0.81   2.54   1.32   2.23  -1.86
f     33     78     99     98    127    124    139    147    145     84
d   108   1147  55.175  54.018   1.157    10516  54.463  54.332   0.131
e   1.10   3.18   2.86   1.46   0.96   2.31   2.64  -0.32  -1.04  -0.54
f     34     84    100    111    128    147    144    143    170     86
d   109   1089  48.034  43.785   4.249    10517  54.462  53.618   0.844
e  -0.17   4.94   2.55  22.24   4.43   2.56   0.93   3.04  -0.53  -0.20
f     42     64     84    121    121    136    140    160    138     83
d   110   1093  52.082  50.518   1.563    10517  54.462  54.293   0.169
e   2.15  -4.07   1.29   1.83   0.61   1.00   1.74   2.39   3.74   3.12
f     36     80     90    113    125    126    136    151    160     76
d   111   1173  55.431  54.032   1.399    10516  54.464  54.317   0.147
e   2.15   1.08   0.89   1.56   4.29   1.54   1.80   1.80  -0.02  -1.55
f     46     78    103    119    124    149    163    149    151     91
d   112   1072  52.193  49.747   2.446    10517  54.462  54.211   0.251
e   3.64   4.28   3.48   3.05   0.71   3.31   4.08   0.69   1.65   2.05
f     33     68     90    113    126    132    121    147    161     81
d   113   1123  56.759  55.453   1.305    10516  54.464  54.311   0.153
e   1.04   1.63   2.65   0.56   0.98   3.08   1.47   1.82  -1.93   2.11
f     38     71    100    109    147    132    139    159    134     94
d   114   1090  49.382  49.214   0.168    10516  54.463  54.368   0.095
e   1.21  -0.35   0.37   1.98   2.68   0.98  -0.38   0.90   2.09 -13.62
f     39     85     85    106    112    137    147    149    162     68
d   115   1115  52.780  51.901   0.878    10517  54.462  54.288   0.174
e   0.54   0.70   2.97   2.06   0.87   2.57   2.78   1.87   2.33 -12.75
f     44     74    102    121    126    132    141    145    144     86
d   116   1095  54.850  52.960   1.891    10516  54.460  54.283   0.177
e   2.20   3.65   4.17   2.74   0.49   1.04   0.34   4.00   1.36   0.37
f     37     60     90    100    130    148    145    158    138     89
d   117   1095  54.792  54.335   0.457    10517  54.462  54.383   0.079
e   3.13   4.11   1.35   0.54   1.18   1.50   1.14   1.04  -1.59  -7.87
f     33     94     87    127    114    118    141    152    159     70
d   118   1137  55.154  53.664   1.491    10516  54.463  54.283   0.180
e   2.03   3.03   1.75   2.55   1.86   1.66   2.05   0.75   0.38  -0.33
f     43     71    117    111    125    143    147    148    136     96
d   119   1053  50.460  49.987   0.472    10514  54.477  54.404   0.073
e   2.03   3.09   2.23  -0.71   1.68   1.85   1.36  -1.09  -1.20  -2.80
f     34     69     74    111    135    132    139    151    135     73
d   120   1060  60.143  58.714   1.429    10515  54.485  54.357   0.127
e   2.73   0.59   2.41   1.68   1.88   2.08   0.60   0.90   0.21   2.76
f     41     71    101    114    105    122    146    133    141     86
d   121   1148  52.272  51.302   0.970    10517  54.462  54.334   0.128
e  -0.59   3.50   0.18   2.14   0.88   0.35  -1.42   2.77   2.28  -2.71
f     33     83     96    120    143    133    147    164    154     75
d   122   1080  58.597  58.269   0.328    10517  54.462  54.460   0.002
e   1.78  -3.10   1.92   0.05   2.96   1.40  -0.10   0.92  -1.28  -1.74
f     35     74     98    104    124    131    142    140    148     84
d   123   1085  60.759  59.574   1.185    10516  54.477  54.356   0.122
e   1.47   0.82   2.72   0.09   1.16   2.03   1.20   1.88  -0.23   1.07
f     39     70    101    113    121    134    126    143    154     84
d   124   1103  53.758  52.860   0.898    10516  54.510  54.395   0.115
e   2.43  -1.27  -0.03   2.68   0.88   0.74   2.19   0.01   2.00  -1.66
f     37     73     77    118    140    152    137    146    140     83
d   125   1069  54.915  52.656   2.259    10514  54.469  54.238   0.231
e   2.13   3.21   2.94   2.00  -0.60   3.32   2.15   1.18   4.18   2.07
f     39     84     86    106    113    125    143    148    143     82
d   126   1131  55.193  53.875   1.318    10512  54.328  54.208   0.120
e  -0.16  -0.89   1.52   0.05   4.21   1.89   1.52   0.88   0.49   1.97
f     34     71    114    118    129    137    136    148    163     81
d   127   1087  53.052  51.258   1.794    10512  54.478  54.297   0.180
e   3.27   2.58   2.42   1.09  -0.27  -0.17   2.13   1.02   2.86   5.78
f     39     84     92     97    130    128    135    153    148     81
d   128   1075  50.285  49.020   1.266    10511  54.505  54.385   0.120
e   1.53   6.52   1.65   0.60   2.06   2.59   1.14  -0.08  -0.68  -0.16
f     28     69     84    127    121    133    150    153    125     85
d   129    973  49.862  48.836   1.026    10514  54.456  54.324   0.132
e   1.05   2.73   0.90   1.23   3.33   0.52   0.62   1.97  -0.47  -1.56
f     36     61     88     94    112    114    120    137    140     71
d   130   1062  49.734  49.122   0.612    10511  54.396  54.308   0.088
e  -2.00   1.32   1.34   1.14   0.20   1.28   0.31  -0.05   0.79   0.54
f     30     67     90    102    122    128    147    149    152     75
d   131   1130  50.122  47.654   2.467    10510  54.496  54.256   0.239
e   0.66   1.51   5.61   1.17   2.40   2.20   2.70   0.69   2.68   5.61
f     42     80    103    135    124    125    146    155    138     82
d   132   1034  52.295  51.647   0.648    10512  54.473  54.393   0.080
e   1.27   3.99  -0.15   0.60   1.14   2.02  -0.01   0.87  -0.42  -1.76
f     35     61     93     92    113    134    143    147    146     70
d   133   1145  43.815  42.469   1.346    10508  54.506  54.395   0.111
e   4.29   0.90   1.42   1.24   1.01   0.56   1.42   0.38   1.05   4.78
f     35     83     83    120    141    138    143    165    152     85
d   134   1069  51.170  49.460   1.710    10510  54.466  54.325   0.141
e  -0.65   3.10   0.63   0.50  -0.12   0.02   1.60   1.84   3.48   6.98
f     41     74     93    110    111    131    137    153    145     74
d   135   1141  52.412  51.562   0.849    10509  54.534  54.466   0.069
e   0.94  -1.70   0.67   1.34   0.42   0.83   2.08  -0.01  -0.45   5.79
f     37     74    104    124    129    143    145    156    156     73
d   136   1051  51.174  49.363   1.810    10507  54.252  54.112   0.140
e   1.64   0.15   1.50   0.19   1.21   0.89   1.52   1.40   1.52  11.50
f     29     75     85    103    121    130    144    144    152     68
d   137   1104  49.889  48.913   0.976    10510  54.466  54.345   0.121
e   0.80   5.76   1.19   1.84   0.16   0.49   0.96   3.33  -5.67   6.14
f     36     77     87    101    132    142    139    156    158     76
d   138   1099  57.586  56.415   1.170    10509  54.453  54.346   0.108
e   0.01   3.01   1.11   0.94   1.67  -1.63   0.06   1.48   1.08   6.63
f     42     72     92    121    127    128    154    152    141     70
d   139   1125  50.565  48.965   1.600    10511  54.417  54.311   0.107
e  -3.93  -0.81   0.90  -0.18   2.41   0.80   0.24  -0.79   3.70  11.57
f     35     77     93    110    122    138    150    154    156     90
d   140   1079  54.082  52.829   1.253    10510  54.483  54.346   0.137
e  -1.34   3.47   2.17   0.14   1.52  -0.79  -2.11   2.21   3.71   3.81
f     37     66     96    109    126    131    142    150    146     76
d   141   1106  53.469  51.361   2.108    10513  54.458  54.276   0.182
e   0.90   2.76   0.33   1.59  -0.13   2.47   1.55   1.65   2.53   7.92
f     33     71     93    112    110    146    134    160    163     84
d   142   1098  49.146  48.107   1.038    10509  54.176  54.075   0.101
e   1.22  -0.47   2.18  -0.35   1.79   0.68   2.23   0.81   1.26  -0.30
f     36     72     95    105    135    129    157    147    145     77
d   143   1088  48.332  46.346   1.986    10511  54.481  54.351   0.131
e   1.04  -0.85  -0.01   1.55   0.46   0.16   1.78   1.43   1.67  14.65
f     28     66     89    112    113    142    139    152    165     82
d   144   1100  49.671  48.640   1.031    10511  54.475  54.412   0.064
e   2.98  -0.95  -0.63  -0.03   0.24   2.06   0.29  -2.62   3.52   8.56
f     43     76     85    121    130    131    151    140    149     74
d   145   1179  54.772  52.150   2.622    10511  54.150  53.855   0.295
e   0.97   7.20   1.33   2.12   1.94   1.01   1.33   2.48   2.43   7.36
f     36     82    100    110    117    146    159    167    168     94
d   146   1074  55.871  54.882   0.989    10515  54.463  54.375   0.088
e   0.60  -0.89   1.10   0.94  -0.56   1.39   1.78   0.82   1.91   2.13
f     29     77     97    110    134    137    129    136    145     80
d   147   1151  51.384  50.515   0.870    10511  54.128  54.017   0.111
e -11.18  -0.72  -0.06   0.34   0.26   2.09  -0.00   2.82   2.06   5.20
f     44     74    108    107    124    128    157    171    160     78
d   148   1064  59.347  58.081   1.266    10515  54.366  54.249   0.117
e   0.45   1.53   2.31   1.26   0.16   0.53   1.76  -0.79   2.53   3.72
f     30     75     74    119    126    146    122    141    136     95
d   149   1144  53.275  52.165   1.110    10514  54.440  54.333   0.107
e   1.89   1.94  -0.50   2.37   0.04   0.36   2.15   2.37  -3.30   7.63
f     36     68    106    100    119    133    164    149    176     93
d   150   1052  53.518  51.588   1.930    10514  54.367  54.197   0.171
e   0.62   4.04   2.43   1.43   0.90   1.20   1.89   1.10   0.69   7.35
f     32     58     93    116    132    127    134    141    136     83
d   151   1118  53.705  52.278   1.427    10516  54.463  54.349   0.114
e   0.13   0.33   1.26   1.52   1.97   1.68   1.69  -0.06  -0.30   6.82
f     35     76     96    114    117    144    145    153    149     89
d   152   1078  52.417  51.799   0.619    10516  54.468  54.417   0.051
e  -0.55   2.68   2.78  -0.69   1.66   1.54  -0.22  -0.26  -2.47   4.78
f     37     63     88    107    127    122    141    145    161     87
d   153   1080  55.616  53.859   1.757    10513  54.199  54.046   0.153
e  -2.35   2.05   3.61   1.11   1.01   0.41   0.86   3.03   2.08   4.37
f     40     74     92    114    124    133    139    141    140     83
d   154   1116  50.145  48.730   1.415    10515  54.308  54.161   0.147
e  -0.27   3.16   0.73   1.80   1.00   1.78   1.43  -0.34   1.90   3.11
f     36     67     84    107    121    135    149    159    164     94
d   155   1094  52.486  50.546   1.940    10517  54.462  54.308   0.153
e   2.19   4.56   2.76   1.07   1.19   1.28   0.22   1.23   0.48   8.51
f     34     87     96    112    133    125    132    140    156     79
d   156   1130  56.794  55.486   1.308    10517  54.462  54.328   0.134
e   1.28   1.81   1.84   0.45   1.13   2.50   0.26   0.56   0.47   4.56
f     34     83    105    115    115    144    146    154    157     77
d   157   1085  57.147  56.353   0.794    10517  54.462  54.408   0.054
e   0.14  -0.73   1.81   0.49   1.46   1.96  -0.04   0.32  -2.49   7.08
f     37     80     97    106    122    114    135    149    156     89
d   158   1096  51.601  51.710  -0.109    10517  54.462  54.446   0.015
e   3.69  -4.86   0.31  -1.62   0.08   1.13   0.18   1.52  -2.14   1.32
f     34     63     86    112    130    147    148    149    148     79
d   159   1094  49.113  47.445   1.668    10515  54.475  54.373   0.102
e  -0.43  -1.41   2.19   0.66  -1.49   0.80   1.52   2.10   0.07  12.59
f     51     63     91    117    113    130    135    135    162     97
d   160   1083  52.960  50.966   1.994    10517  54.462  54.277   0.185
e   3.67   1.66   0.36   0.69   1.32   2.43   1.16   0.51   2.62   8.60
f     32     83     99    105    120    127    152    139    144     82
d   161   1091  52.988  52.257   0.732    10517  54.462  54.366   0.096
e   0.69   2.39   0.28   1.71   1.25   1.68   1.41   0.07  -1.21  -0.17
f     34     72    101    113    130    133    127    144    148     89
d   162   1087  52.929  51.579   1.350    10516  54.434  54.272   0.162
e  -1.26   0.01   4.86   0.31   1.57   3.45   0.96   1.79   0.15   0.56
f     39     84     80    118    113    121    149    159    142     82
d   163   1061  54.284  52.524   1.760    10514  54.397  54.273   0.125
e   3.35   0.62   0.77   1.55   1.48   1.27  -0.12   1.07   0.48  11.39
f     33     72     85    122    132    140    122    134    143     78
d   164   1089  50.495  50.209   0.286    10515  54.459  54.422   0.037
e  -1.02  -4.19   0.18   0.62   0.09   1.88   0.79  -1.06   3.36  -1.79
f     32     73    108     99    132    128    148    149    146     74
d   165   1083  55.092  53.508   1.584    10515  54.429  54.336   0.093
e   1.49  -5.05  -0.60   1.95   1.20  -0.54   2.20   2.51   1.94  10.40
f     42     76     88    128    116    139    132    126    152     84
d   166   1099  54.824  52.799   2.024    10516  54.281  54.123   0.158
e   0.01  -2.66  -0.20   0.72   1.66   3.22   2.86   0.39   4.08   8.54
f     36     70     94    101    138    141    143    161    142     73
d   167   1068  51.919  51.484   0.434    10517  54.462  54.421   0.041
e   1.14   1.07  -0.17   0.42  -1.21   1.34  -0.42   1.20  -0.09   3.19
f     37     72    103    111    130    122    138    135    151     69
d   168   1095  51.702  50.166   1.536    10514  54.149  53.995   0.153
e   0.95  -1.06  -1.57   0.82   1.59   1.98   0.61   3.00   1.73   5.98
f     41     72     93    105    118    138    139    159    146     84
d   169   1119  51.572  50.463   1.110    10515  54.457  54.330   0.127
e  -0.08  -1.94   3.14   0.78   1.53   1.47   0.66   1.97   0.15   2.35
f     33     75     88    135    132    137    136    144    150     89
d   170   1095  53.243  51.840   1.403    10514  54.367  54.240   0.127
e   1.85   1.64   0.67   0.30   0.10   1.25   0.85   0.60   2.68   5.19
f     40     80     88    106    112    138    148    145    156     82
d   171   1124  50.834  49.569   1.265    10515  54.317  54.218   0.099
e   0.70  -3.00  -0.41   2.35   0.63   2.09   1.46  -0.19  -0.46  10.50
f     37     82    112    101    123    148    138    159    133     91
d   172   1099  46.620  44.709   1.911    10515  54.310  54.130   0.180
e   4.16   5.35  -0.95   2.43   0.86   0.73   0.62   2.12   2.48   5.44
f     36     64     95    113    134    126    152    141    159     79
d   173   1094  51.491  49.962   1.530    10515  54.431  54.357   0.074
e  -0.56  -0.94  -2.70  -0.12   2.54   1.31   0.61   2.41   0.24  13.80
f     35     83     75    127    122    147    136    138    156     75
d   174   1063  53.179  52.408   0.771    10515  54.355  54.286   0.069
e   0.85  -1.15  -0.49   1.17   0.51   2.79   1.26   0.90   0.75  -0.28
f     32     81     89    107    118    129    132    149    142     84
d   175   1098  52.341  51.001   1.340    10515  54.446  54.341   0.105
e   1.30   2.28   0.80  -0.23   0.29   1.47   0.72   1.29   0.94   6.51
f     47     70     98     94    135    131    142    148    152     81
d   176   1091  49.622  48.424   1.198    10513  54.028  53.951   0.076
e   3.31   0.08  -1.20   1.08   0.35   0.05   1.36   1.83  -0.17   9.95
f     34     69    105    121    124    138    130    146    152     72
d   177   1080  54.703  54.783  -0.080    10515  54.107  54.102   0.005
e  -0.97   0.98   1.36   1.30  -0.51  -0.49   1.86  -1.23  -2.02  -0.94
f     37     77     99    108    115    137    143    142    146     76
d   178   1064  49.389  48.779   0.610    10513  54.359  54.299   0.059
e   1.49   1.87  -2.91   1.26   3.13  -1.00   1.17   1.07   1.29  -2.31
f     44     81     91    106    119    120    133    146    143     81
d   179   1010  50.111  48.104   2.007    10514  54.338  54.133   0.205
e   0.86   0.31  -0.23   3.57   1.76   0.62   0.15   1.88   5.04   4.27
f     26     68     67    104    130    133    131    132    147     72
d   180    842  48.089  48.121  -0.032    10514  54.418  54.390   0.028
e  -3.06  -9.23   1.94   0.14   0.57  -1.88  -0.49   1.52   2.77   0.50
f     31     48     75     81     99    100    107    124    115     62
